Flow report for nmm
Sat Sep 02 21:41:08 2023
Quartus II 64-Bit Version 13.1.0 Build 162 10/23/2013 SJ Web Edition


---------------------
; Table of Contents ;
---------------------
  1. Legal Notice
  2. Flow Summary
  3. Flow Settings
  4. Flow Non-Default Global Settings
  5. Flow Elapsed Time
  6. Flow OS Summary
  7. Flow Log
  8. Flow Messages
  9. Flow Suppressed Messages



----------------
; Legal Notice ;
----------------
Copyright (C) 1991-2013 Altera Corporation
Your use of Altera Corporation's design tools, logic functions 
and other software and tools, and its AMPP partner logic 
functions, and any output files from any of the foregoing 
(including device programming or simulation files), and any 
associated documentation or information are expressly subject 
to the terms and conditions of the Altera Program License 
Subscription Agreement, Altera MegaCore Function License 
Agreement, or other applicable license agreement, including, 
without limitation, that your use is for the sole purpose of 
programming logic devices manufactured by Altera and sold by 
Altera or its authorized distributors.  Please refer to the 
applicable agreement for further details.



+---------------------------------------------------------------------------------+
; Flow Summary                                                                    ;
+------------------------------------+--------------------------------------------+
; Flow Status                        ; Successful - Sat Sep 02 21:41:08 2023      ;
; Quartus II 64-Bit Version          ; 13.1.0 Build 162 10/23/2013 SJ Web Edition ;
; Revision Name                      ; nmm                                        ;
; Top-level Entity Name              ; nmm                                        ;
; Family                             ; Cyclone IV GX                              ;
; Device                             ; EP4CGX15BF14A7                             ;
; Timing Models                      ; Final                                      ;
; Total logic elements               ; 73 / 14,400 ( < 1 % )                      ;
;     Total combinational functions  ; 51 / 14,400 ( < 1 % )                      ;
;     Dedicated logic registers      ; 24 / 14,400 ( < 1 % )                      ;
; Total registers                    ; 24                                         ;
; Total pins                         ; 17 / 81 ( 21 % )                           ;
; Total virtual pins                 ; 0                                          ;
; Total memory bits                  ; 0 / 552,960 ( 0 % )                        ;
; Embedded Multiplier 9-bit elements ; 0                                          ;
; Total GXB Receiver Channel PCS     ; 0 / 2 ( 0 % )                              ;
; Total GXB Receiver Channel PMA     ; 0 / 2 ( 0 % )                              ;
; Total GXB Transmitter Channel PCS  ; 0 / 2 ( 0 % )                              ;
; Total GXB Transmitter Channel PMA  ; 0 / 2 ( 0 % )                              ;
; Total PLLs                         ; 0 / 3 ( 0 % )                              ;
+------------------------------------+--------------------------------------------+


+-----------------------------------------+
; Flow Settings                           ;
+-------------------+---------------------+
; Option            ; Setting             ;
+-------------------+---------------------+
; Start date & time ; 09/02/2023 21:40:49 ;
; Main task         ; Compilation         ;
; Revision Name     ; nmm                 ;
+-------------------+---------------------+


+---------------------------------------------------------------------------------------------------------------------------+
; Flow Non-Default Global Settings                                                                                          ;
+-------------------------------------+--------------------------------------+---------------+-------------+----------------+
; Assignment Name                     ; Value                                ; Default Value ; Entity Name ; Section Id     ;
+-------------------------------------+--------------------------------------+---------------+-------------+----------------+
; COMPILER_SIGNATURE_ID               ; 123598314889333.169370164906460      ; --            ; --          ; --             ;
; EDA_GENERATE_FUNCTIONAL_NETLIST     ; On                                   ; --            ; --          ; eda_simulation ;
; EDA_NETLIST_WRITER_OUTPUT_DIR       ; E:/altera/13.1/NMM/simulation/qsim/  ; --            ; --          ; eda_simulation ;
; EDA_OUTPUT_DATA_FORMAT              ; Verilog Hdl                          ; --            ; --          ; eda_simulation ;
; EDA_SIMULATION_TOOL                 ; ModelSim-Altera (Verilog)            ; <None>        ; --          ; --             ;
; MAX_CORE_JUNCTION_TEMP              ; 125                                  ; --            ; --          ; --             ;
; MIN_CORE_JUNCTION_TEMP              ; -40                                  ; --            ; --          ; --             ;
; PARTITION_COLOR                     ; 16764057                             ; --            ; --          ; Top            ;
; PARTITION_FITTER_PRESERVATION_LEVEL ; PLACEMENT_AND_ROUTING                ; --            ; --          ; Top            ;
; PARTITION_NETLIST_TYPE              ; SOURCE                               ; --            ; --          ; Top            ;
; PROJECT_OUTPUT_DIRECTORY            ; output_files                         ; --            ; --          ; --             ;
; SEARCH_PATH                         ; j:\data\save\controller              ; --            ; --          ; --             ;
; SEARCH_PATH                         ; j:\data\save\clk_multiplier          ; --            ; --          ; --             ;
; SEARCH_PATH                         ; c:\users\ifpr\desktop\controller     ; --            ; --          ; --             ;
; SEARCH_PATH                         ; c:\users\ifpr\desktop\clk_multiplier ; --            ; --          ; --             ;
+-------------------------------------+--------------------------------------+---------------+-------------+----------------+


+-------------------------------------------------------------------------------------------------------------------------------+
; Flow Elapsed Time                                                                                                             ;
+---------------------------+--------------+-------------------------+---------------------+------------------------------------+
; Module Name               ; Elapsed Time ; Average Processors Used ; Peak Virtual Memory ; Total CPU Time (on all processors) ;
+---------------------------+--------------+-------------------------+---------------------+------------------------------------+
; Analysis & Synthesis      ; 00:00:01     ; 1.0                     ; 4711 MB             ; 00:00:00                           ;
; Fitter                    ; 00:00:06     ; 1.5                     ; 5436 MB             ; 00:00:03                           ;
; Assembler                 ; 00:00:01     ; 1.0                     ; 4645 MB             ; 00:00:00                           ;
; TimeQuest Timing Analyzer ; 00:00:05     ; 1.0                     ; 4674 MB             ; 00:00:01                           ;
; EDA Netlist Writer        ; 00:00:00     ; 1.0                     ; 4597 MB             ; 00:00:00                           ;
; Total                     ; 00:00:13     ; --                      ; --                  ; 00:00:04                           ;
+---------------------------+--------------+-------------------------+---------------------+------------------------------------+


+----------------------------------------------------------------------------------------+
; Flow OS Summary                                                                        ;
+---------------------------+------------------+-----------+------------+----------------+
; Module Name               ; Machine Hostname ; OS Name   ; OS Version ; Processor type ;
+---------------------------+------------------+-----------+------------+----------------+
; Analysis & Synthesis      ; Gabriel          ; Windows 7 ; 6.2        ; x86_64         ;
; Fitter                    ; Gabriel          ; Windows 7 ; 6.2        ; x86_64         ;
; Assembler                 ; Gabriel          ; Windows 7 ; 6.2        ; x86_64         ;
; TimeQuest Timing Analyzer ; Gabriel          ; Windows 7 ; 6.2        ; x86_64         ;
; EDA Netlist Writer        ; Gabriel          ; Windows 7 ; 6.2        ; x86_64         ;
+---------------------------+------------------+-----------+------------+----------------+


------------
; Flow Log ;
------------
quartus_map --read_settings_files=on --write_settings_files=off nmm -c nmm
quartus_fit --read_settings_files=off --write_settings_files=off nmm -c nmm
quartus_asm --read_settings_files=off --write_settings_files=off nmm -c nmm
quartus_sta nmm -c nmm
quartus_eda --read_settings_files=off --write_settings_files=off nmm -c nmm



