Analysis & Synthesis report for nmm_qsim
Mon Dec 11 23:05:18 2023
Quartus Prime Version 22.1std.2 Build 922 07/20/2023 SC Lite Edition


---------------------
; Table of Contents ;
---------------------
  1. Legal Notice
  2. Analysis & Synthesis Summary
  3. Analysis & Synthesis Settings
  4. Parallel Compilation
  5. Analysis & Synthesis Source Files Read
  6. Analysis & Synthesis Resource Usage Summary
  7. Analysis & Synthesis Resource Utilization by Entity
  8. Registers Removed During Synthesis
  9. Removed Registers Triggering Further Register Optimizations
 10. General Register Statistics
 11. Parameter Settings for User Entity Instance: LPM_CONSTANT:inst9
 12. Parameter Settings for User Entity Instance: LPM_CONSTANT:inst8
 13. Parameter Settings for User Entity Instance: LPM_CONSTANT:inst5
 14. Post-Synthesis Netlist Statistics for Top Partition
 15. Elapsed Time Per Partition
 16. Analysis & Synthesis Messages



----------------
; Legal Notice ;
----------------
Copyright (C) 2023  Intel Corporation. All rights reserved.
Your use of Intel Corporation's design tools, logic functions 
and other software and tools, and any partner logic 
functions, and any output files from any of the foregoing 
(including device programming or simulation files), and any 
associated documentation or information are expressly subject 
to the terms and conditions of the Intel Program License 
Subscription Agreement, the Intel Quartus Prime License Agreement,
the Intel FPGA IP License Agreement, or other applicable license
agreement, including, without limitation, that your use is for
the sole purpose of programming logic devices manufactured by
Intel and sold by Intel or its authorized distributors.  Please
refer to the applicable agreement for further details, at
https://fpgasoftware.intel.com/eula.



+-------------------------------------------------------------------------------------+
; Analysis & Synthesis Summary                                                        ;
+------------------------------------+------------------------------------------------+
; Analysis & Synthesis Status        ; Successful - Mon Dec 11 23:05:18 2023          ;
; Quartus Prime Version              ; 22.1std.2 Build 922 07/20/2023 SC Lite Edition ;
; Revision Name                      ; nmm_qsim                                       ;
; Top-level Entity Name              ; nmm                                            ;
; Family                             ; Cyclone IV E                                   ;
; Total logic elements               ; 36                                             ;
;     Total combinational functions  ; 15                                             ;
;     Dedicated logic registers      ; 24                                             ;
; Total registers                    ; 24                                             ;
; Total pins                         ; 54                                             ;
; Total virtual pins                 ; 0                                              ;
; Total memory bits                  ; 0                                              ;
; Embedded Multiplier 9-bit elements ; 0                                              ;
; Total PLLs                         ; 0                                              ;
+------------------------------------+------------------------------------------------+


+------------------------------------------------------------------------------------------------------------+
; Analysis & Synthesis Settings                                                                              ;
+------------------------------------------------------------------+--------------------+--------------------+
; Option                                                           ; Setting            ; Default Value      ;
+------------------------------------------------------------------+--------------------+--------------------+
; Device                                                           ; EP4CE115F29C7      ;                    ;
; Top-level entity name                                            ; nmm                ; nmm_qsim           ;
; Family name                                                      ; Cyclone IV E       ; Cyclone V          ;
; Use smart compilation                                            ; Off                ; Off                ;
; Enable parallel Assembler and Timing Analyzer during compilation ; On                 ; On                 ;
; Enable compact report table                                      ; Off                ; Off                ;
; Restructure Multiplexers                                         ; Auto               ; Auto               ;
; Create Debugging Nodes for IP Cores                              ; Off                ; Off                ;
; Preserve fewer node names                                        ; On                 ; On                 ;
; Intel FPGA IP Evaluation Mode                                    ; Enable             ; Enable             ;
; Verilog Version                                                  ; Verilog_2001       ; Verilog_2001       ;
; VHDL Version                                                     ; VHDL_1993          ; VHDL_1993          ;
; State Machine Processing                                         ; Auto               ; Auto               ;
; Safe State Machine                                               ; Off                ; Off                ;
; Extract Verilog State Machines                                   ; On                 ; On                 ;
; Extract VHDL State Machines                                      ; On                 ; On                 ;
; Ignore Verilog initial constructs                                ; Off                ; Off                ;
; Iteration limit for constant Verilog loops                       ; 5000               ; 5000               ;
; Iteration limit for non-constant Verilog loops                   ; 250                ; 250                ;
; Add Pass-Through Logic to Inferred RAMs                          ; On                 ; On                 ;
; Infer RAMs from Raw Logic                                        ; On                 ; On                 ;
; Parallel Synthesis                                               ; On                 ; On                 ;
; DSP Block Balancing                                              ; Auto               ; Auto               ;
; NOT Gate Push-Back                                               ; On                 ; On                 ;
; Power-Up Don't Care                                              ; On                 ; On                 ;
; Remove Redundant Logic Cells                                     ; Off                ; Off                ;
; Remove Duplicate Registers                                       ; On                 ; On                 ;
; Ignore CARRY Buffers                                             ; Off                ; Off                ;
; Ignore CASCADE Buffers                                           ; Off                ; Off                ;
; Ignore GLOBAL Buffers                                            ; Off                ; Off                ;
; Ignore ROW GLOBAL Buffers                                        ; Off                ; Off                ;
; Ignore LCELL Buffers                                             ; Off                ; Off                ;
; Ignore SOFT Buffers                                              ; On                 ; On                 ;
; Limit AHDL Integers to 32 Bits                                   ; Off                ; Off                ;
; Optimization Technique                                           ; Balanced           ; Balanced           ;
; Carry Chain Length                                               ; 70                 ; 70                 ;
; Auto Carry Chains                                                ; On                 ; On                 ;
; Auto Open-Drain Pins                                             ; On                 ; On                 ;
; Perform WYSIWYG Primitive Resynthesis                            ; Off                ; Off                ;
; Auto ROM Replacement                                             ; On                 ; On                 ;
; Auto RAM Replacement                                             ; On                 ; On                 ;
; Auto DSP Block Replacement                                       ; On                 ; On                 ;
; Auto Shift Register Replacement                                  ; Auto               ; Auto               ;
; Allow Shift Register Merging across Hierarchies                  ; Auto               ; Auto               ;
; Auto Clock Enable Replacement                                    ; On                 ; On                 ;
; Strict RAM Replacement                                           ; Off                ; Off                ;
; Allow Synchronous Control Signals                                ; On                 ; On                 ;
; Force Use of Synchronous Clear Signals                           ; Off                ; Off                ;
; Auto RAM Block Balancing                                         ; On                 ; On                 ;
; Auto RAM to Logic Cell Conversion                                ; Off                ; Off                ;
; Auto Resource Sharing                                            ; Off                ; Off                ;
; Allow Any RAM Size For Recognition                               ; Off                ; Off                ;
; Allow Any ROM Size For Recognition                               ; Off                ; Off                ;
; Allow Any Shift Register Size For Recognition                    ; Off                ; Off                ;
; Use LogicLock Constraints during Resource Balancing              ; On                 ; On                 ;
; Ignore translate_off and synthesis_off directives                ; Off                ; Off                ;
; Timing-Driven Synthesis                                          ; On                 ; On                 ;
; Report Parameter Settings                                        ; On                 ; On                 ;
; Report Source Assignments                                        ; On                 ; On                 ;
; Report Connectivity Checks                                       ; On                 ; On                 ;
; Ignore Maximum Fan-Out Assignments                               ; Off                ; Off                ;
; Synchronization Register Chain Length                            ; 2                  ; 2                  ;
; Power Optimization During Synthesis                              ; Normal compilation ; Normal compilation ;
; HDL message level                                                ; Level2             ; Level2             ;
; Suppress Register Optimization Related Messages                  ; Off                ; Off                ;
; Number of Removed Registers Reported in Synthesis Report         ; 5000               ; 5000               ;
; Number of Swept Nodes Reported in Synthesis Report               ; 5000               ; 5000               ;
; Number of Inverted Registers Reported in Synthesis Report        ; 100                ; 100                ;
; Clock MUX Protection                                             ; On                 ; On                 ;
; Auto Gated Clock Conversion                                      ; Off                ; Off                ;
; Block Design Naming                                              ; Auto               ; Auto               ;
; SDC constraint protection                                        ; Off                ; Off                ;
; Synthesis Effort                                                 ; Auto               ; Auto               ;
; Shift Register Replacement - Allow Asynchronous Clear Signal     ; On                 ; On                 ;
; Pre-Mapping Resynthesis Optimization                             ; Off                ; Off                ;
; Analysis & Synthesis Message Level                               ; Medium             ; Medium             ;
; Disable Register Merging Across Hierarchies                      ; Auto               ; Auto               ;
; Resource Aware Inference For Block RAM                           ; On                 ; On                 ;
+------------------------------------------------------------------+--------------------+--------------------+


+------------------------------------------+
; Parallel Compilation                     ;
+----------------------------+-------------+
; Processors                 ; Number      ;
+----------------------------+-------------+
; Number detected on machine ; 8           ;
; Maximum allowed            ; 4           ;
;                            ;             ;
; Average used               ; 1.00        ;
; Maximum used               ; 4           ;
;                            ;             ;
; Usage by Processor         ; % Time Used ;
;     Processor 1            ; 100.0%      ;
;     Processors 2-4         ;   0.0%      ;
+----------------------------+-------------+


+--------------------------------------------------------------------------------------------------------------------------------------------------------------------------------------+
; Analysis & Synthesis Source Files Read                                                                                                                                               ;
+----------------------------------+-----------------+------------------------------------------+----------------------------------------------------------------------------+---------+
; File Name with User-Entered Path ; Used in Netlist ; File Type                                ; File Name with Absolute Path                                               ; Library ;
+----------------------------------+-----------------+------------------------------------------+----------------------------------------------------------------------------+---------+
; nmm.bdf                          ; yes             ; User Block Diagram/Schematic File        ; K:/Data/Save/NMM - Copy/nmm.bdf                                            ;         ;
; demux.vhd                        ; yes             ; Auto-Found VHDL File                     ; k:/data/save/demux/demux.vhd                                               ;         ;
; display.vhd                      ; yes             ; Auto-Found VHDL File                     ; e:/intelfpga_lite/22.1std/display/display.vhd                              ;         ;
; lpm_constant.tdf                 ; yes             ; Megafunction                             ; e:/intelfpga_lite/22.1std/quartus/libraries/megafunctions/lpm_constant.tdf ;         ;
; clk_multiplier.bdf               ; yes             ; Auto-Found Block Diagram/Schematic File  ; e:/altera/13.1/clk_multiplier/clk_multiplier.bdf                           ;         ;
; average.vhd                      ; yes             ; Auto-Found VHDL File                     ; e:/intelfpga_lite/22.1std/average/average.vhd                              ;         ;
; counter.vhd                      ; yes             ; Auto-Found VHDL File                     ; k:/data/save/counter/counter.vhd                                           ;         ;
+----------------------------------+-----------------+------------------------------------------+----------------------------------------------------------------------------+---------+


+---------------------------------------------------------+
; Analysis & Synthesis Resource Usage Summary             ;
+---------------------------------------------+-----------+
; Resource                                    ; Usage     ;
+---------------------------------------------+-----------+
; Estimated Total logic elements              ; 36        ;
;                                             ;           ;
; Total combinational functions               ; 15        ;
; Logic element usage by number of LUT inputs ;           ;
;     -- 4 input functions                    ; 7         ;
;     -- 3 input functions                    ; 7         ;
;     -- <=2 input functions                  ; 1         ;
;                                             ;           ;
; Logic elements by mode                      ;           ;
;     -- normal mode                          ; 15        ;
;     -- arithmetic mode                      ; 0         ;
;                                             ;           ;
; Total registers                             ; 24        ;
;     -- Dedicated logic registers            ; 24        ;
;     -- I/O registers                        ; 0         ;
;                                             ;           ;
; I/O pins                                    ; 54        ;
;                                             ;           ;
; Embedded Multiplier 9-bit elements          ; 0         ;
;                                             ;           ;
; Maximum fan-out node                        ; clk~input ;
; Maximum fan-out                             ; 24        ;
; Total fan-out                               ; 189       ;
; Average fan-out                             ; 1.29      ;
+---------------------------------------------+-----------+


+----------------------------------------------------------------------------------------------------------------------------------------------------------------------------------------------------------+
; Analysis & Synthesis Resource Utilization by Entity                                                                                                                                                      ;
+----------------------------+---------------------+---------------------------+-------------+--------------+---------+-----------+------+--------------+---------------------+-------------+--------------+
; Compilation Hierarchy Node ; Combinational ALUTs ; Dedicated Logic Registers ; Memory Bits ; DSP Elements ; DSP 9x9 ; DSP 18x18 ; Pins ; Virtual Pins ; Full Hierarchy Name ; Entity Name ; Library Name ;
+----------------------------+---------------------+---------------------------+-------------+--------------+---------+-----------+------+--------------+---------------------+-------------+--------------+
; |nmm                       ; 15 (0)              ; 24 (0)                    ; 0           ; 0            ; 0       ; 0         ; 54   ; 0            ; |nmm                ; nmm         ; work         ;
;    |demux:inst|            ; 8 (8)               ; 18 (18)                   ; 0           ; 0            ; 0       ; 0         ; 0    ; 0            ; |nmm|demux:inst     ; demux       ; work         ;
;    |display:disp|          ; 7 (7)               ; 6 (6)                     ; 0           ; 0            ; 0       ; 0         ; 0    ; 0            ; |nmm|display:disp   ; display     ; work         ;
+----------------------------+---------------------+---------------------------+-------------+--------------+---------+-----------+------+--------------+---------------------+-------------+--------------+
Note: For table entries with two numbers listed, the numbers in parentheses indicate the number of resources of the given type used by the specific entity alone. The numbers listed outside of parentheses indicate the total resources of the given type used by the specific entity and all of its sub-entities in the hierarchy.


+----------------------------------------------------------------------------------+
; Registers Removed During Synthesis                                               ;
+-----------------------------------------+----------------------------------------+
; Register name                           ; Reason for Removal                     ;
+-----------------------------------------+----------------------------------------+
; average:avg|multiplier[2,6,9]           ; Stuck at GND due to stuck port data_in ;
; average:avg|delta_t[0]                  ; Stuck at GND due to stuck port data_in ;
; average:avg|avg_mc[0..9]                ; Lost fanout                            ;
; average:avg|multiplier[3..5,7,8]        ; Lost fanout                            ;
; average:avg|delta_t[1..15]              ; Lost fanout                            ;
; demux:inst|dd5[0,6]                     ; Stuck at VCC due to stuck port data_in ;
; demux:inst|dd4[0,6]                     ; Stuck at VCC due to stuck port data_in ;
; demux:inst|dd3[0,6]                     ; Stuck at VCC due to stuck port data_in ;
; demux:inst|dd2[0,6]                     ; Stuck at VCC due to stuck port data_in ;
; demux:inst|dd1[0,6]                     ; Stuck at VCC due to stuck port data_in ;
; demux:inst|dd0[0,6]                     ; Stuck at VCC due to stuck port data_in ;
; inst3                                   ; Lost fanout                            ;
; counter:inst2|t[0]                      ; Lost fanout                            ;
; counter:inst2|clk_div[0..25]            ; Lost fanout                            ;
; counter:inst2|t[1..9]                   ; Lost fanout                            ;
; average:avg|average[0..11]              ; Lost fanout                            ;
; average:avg|memory_3[0..11]             ; Lost fanout                            ;
; average:avg|memory_2[0..11]             ; Lost fanout                            ;
; average:avg|memory_1[0..11]             ; Lost fanout                            ;
; average:avg|number[0,1]                 ; Lost fanout                            ;
; average:avg|memory_0[0..11]             ; Lost fanout                            ;
; clk_multiplier:clkm1|inst3              ; Lost fanout                            ;
; clk_multiplier:clkm1|inst2              ; Lost fanout                            ;
; clk_multiplier:clkm1|inst1              ; Lost fanout                            ;
; clk_multiplier:clkm1|inst               ; Lost fanout                            ;
; clk_multiplier:clkm1|inst10             ; Lost fanout                            ;
; clk_multiplier:clkm1|inst9              ; Lost fanout                            ;
; clk_multiplier:clkm1|inst8              ; Lost fanout                            ;
; clk_multiplier:clkm1|inst7              ; Lost fanout                            ;
; clk_multiplier:clkm2|inst3              ; Lost fanout                            ;
; clk_multiplier:clkm2|inst2              ; Lost fanout                            ;
; clk_multiplier:clkm2|inst1              ; Lost fanout                            ;
; clk_multiplier:clkm2|inst               ; Lost fanout                            ;
; clk_multiplier:clkm2|inst10             ; Lost fanout                            ;
; clk_multiplier:clkm2|inst9              ; Lost fanout                            ;
; clk_multiplier:clkm2|inst8              ; Lost fanout                            ;
; clk_multiplier:clkm2|inst7              ; Lost fanout                            ;
; clk_multiplier:clkm3|inst3              ; Lost fanout                            ;
; clk_multiplier:clkm3|inst2              ; Lost fanout                            ;
; clk_multiplier:clkm3|inst1              ; Lost fanout                            ;
; clk_multiplier:clkm3|inst               ; Lost fanout                            ;
; clk_multiplier:clkm3|inst10             ; Lost fanout                            ;
; clk_multiplier:clkm3|inst9              ; Lost fanout                            ;
; clk_multiplier:clkm3|inst8              ; Lost fanout                            ;
; clk_multiplier:clkm3|inst7              ; Lost fanout                            ;
; demux:inst|dd2[5]                       ; Stuck at GND due to stuck port data_in ;
; demux:inst|dd5[2,7]                     ; Stuck at GND due to stuck port data_in ;
; demux:inst|dd0[2,5,7]                   ; Stuck at VCC due to stuck port data_in ;
; demux:inst|dd1[2,5,7]                   ; Stuck at VCC due to stuck port data_in ;
; demux:inst|dd2[2,7]                     ; Stuck at VCC due to stuck port data_in ;
; demux:inst|dd3[2,5,7]                   ; Stuck at VCC due to stuck port data_in ;
; demux:inst|dd4[2,5,7]                   ; Stuck at VCC due to stuck port data_in ;
; demux:inst|dd5[5]                       ; Stuck at VCC due to stuck port data_in ;
; Total Number of Removed Registers = 187 ;                                        ;
+-----------------------------------------+----------------------------------------+


+------------------------------------------------------------------------------------------------------------------------------------------------+
; Removed Registers Triggering Further Register Optimizations                                                                                    ;
+-----------------------------+---------------------------+--------------------------------------------------------------------------------------+
; Register name               ; Reason for Removal        ; Registers Removed due to This Register                                               ;
+-----------------------------+---------------------------+--------------------------------------------------------------------------------------+
; average:avg|multiplier[2]   ; Stuck at GND              ; average:avg|multiplier[8], average:avg|multiplier[7], average:avg|multiplier[5],     ;
;                             ; due to stuck port data_in ; average:avg|multiplier[4], average:avg|multiplier[3], inst3, average:avg|average[11] ;
; clk_multiplier:clkm1|inst3  ; Lost Fanouts              ; clk_multiplier:clkm1|inst2, clk_multiplier:clkm1|inst1, clk_multiplier:clkm1|inst    ;
; clk_multiplier:clkm1|inst10 ; Lost Fanouts              ; clk_multiplier:clkm1|inst9, clk_multiplier:clkm1|inst8, clk_multiplier:clkm1|inst7   ;
; clk_multiplier:clkm2|inst3  ; Lost Fanouts              ; clk_multiplier:clkm2|inst2, clk_multiplier:clkm2|inst1, clk_multiplier:clkm2|inst    ;
; clk_multiplier:clkm2|inst10 ; Lost Fanouts              ; clk_multiplier:clkm2|inst9, clk_multiplier:clkm2|inst8, clk_multiplier:clkm2|inst7   ;
; clk_multiplier:clkm3|inst3  ; Lost Fanouts              ; clk_multiplier:clkm3|inst2, clk_multiplier:clkm3|inst1, clk_multiplier:clkm3|inst    ;
; clk_multiplier:clkm3|inst10 ; Lost Fanouts              ; clk_multiplier:clkm3|inst9, clk_multiplier:clkm3|inst8, clk_multiplier:clkm3|inst7   ;
; average:avg|delta_t[15]     ; Lost Fanouts              ; average:avg|average[9], average:avg|average[10]                                      ;
; average:avg|delta_t[2]      ; Lost Fanouts              ; average:avg|average[1]                                                               ;
; average:avg|delta_t[1]      ; Lost Fanouts              ; average:avg|average[0]                                                               ;
+-----------------------------+---------------------------+--------------------------------------------------------------------------------------+


+------------------------------------------------------+
; General Register Statistics                          ;
+----------------------------------------------+-------+
; Statistic                                    ; Value ;
+----------------------------------------------+-------+
; Total registers                              ; 24    ;
; Number of registers using Synchronous Clear  ; 0     ;
; Number of registers using Synchronous Load   ; 0     ;
; Number of registers using Asynchronous Clear ; 0     ;
; Number of registers using Asynchronous Load  ; 0     ;
; Number of registers using Clock Enable       ; 18    ;
; Number of registers using Preset             ; 0     ;
+----------------------------------------------+-------+


+-----------------------------------------------------------------+
; Parameter Settings for User Entity Instance: LPM_CONSTANT:inst9 ;
+--------------------+------------------+-------------------------+
; Parameter Name     ; Value            ; Type                    ;
+--------------------+------------------+-------------------------+
; LPM_WIDTH          ; 3                ; Untyped                 ;
; LPM_CVALUE         ; 7                ; Untyped                 ;
; ENABLE_RUNTIME_MOD ; NO               ; Untyped                 ;
; CBXI_PARAMETER     ; lpm_constant_574 ; Untyped                 ;
+--------------------+------------------+-------------------------+
Note: In order to hide this table in the UI and the text report file, please set the "Show Parameter Settings in Synthesis Report" option in "Analysis and Synthesis Settings -> More Settings" to "Off".


+-----------------------------------------------------------------+
; Parameter Settings for User Entity Instance: LPM_CONSTANT:inst8 ;
+--------------------+------------------+-------------------------+
; Parameter Name     ; Value            ; Type                    ;
+--------------------+------------------+-------------------------+
; LPM_WIDTH          ; 10               ; Untyped                 ;
; LPM_CVALUE         ; 12               ; Untyped                 ;
; ENABLE_RUNTIME_MOD ; NO               ; Untyped                 ;
; CBXI_PARAMETER     ; lpm_constant_vc4 ; Untyped                 ;
+--------------------+------------------+-------------------------+
Note: In order to hide this table in the UI and the text report file, please set the "Show Parameter Settings in Synthesis Report" option in "Analysis and Synthesis Settings -> More Settings" to "Off".


+-----------------------------------------------------------------+
; Parameter Settings for User Entity Instance: LPM_CONSTANT:inst5 ;
+--------------------+------------------+-------------------------+
; Parameter Name     ; Value            ; Type                    ;
+--------------------+------------------+-------------------------+
; LPM_WIDTH          ; 10               ; Untyped                 ;
; LPM_CVALUE         ; 440              ; Untyped                 ;
; ENABLE_RUNTIME_MOD ; NO               ; Untyped                 ;
; CBXI_PARAMETER     ; lpm_constant_7d4 ; Untyped                 ;
+--------------------+------------------+-------------------------+
Note: In order to hide this table in the UI and the text report file, please set the "Show Parameter Settings in Synthesis Report" option in "Analysis and Synthesis Settings -> More Settings" to "Off".


+-----------------------------------------------------+
; Post-Synthesis Netlist Statistics for Top Partition ;
+-----------------------+-----------------------------+
; Type                  ; Count                       ;
+-----------------------+-----------------------------+
; boundary_port         ; 54                          ;
; cycloneiii_ff         ; 24                          ;
;     ENA               ; 18                          ;
;     plain             ; 6                           ;
; cycloneiii_lcell_comb ; 17                          ;
;     normal            ; 17                          ;
;         0 data inputs ; 2                           ;
;         2 data inputs ; 1                           ;
;         3 data inputs ; 7                           ;
;         4 data inputs ; 7                           ;
;                       ;                             ;
; Max LUT depth         ; 3.00                        ;
; Average LUT depth     ; 1.17                        ;
+-----------------------+-----------------------------+


+-------------------------------+
; Elapsed Time Per Partition    ;
+----------------+--------------+
; Partition Name ; Elapsed Time ;
+----------------+--------------+
; Top            ; 00:00:00     ;
+----------------+--------------+


+-------------------------------+
; Analysis & Synthesis Messages ;
+-------------------------------+
Info: *******************************************************************
Info: Running Quartus Prime Analysis & Synthesis
    Info: Version 22.1std.2 Build 922 07/20/2023 SC Lite Edition
    Info: Processing started: Mon Dec 11 23:05:06 2023
Info: Command: quartus_map --read_settings_files=on --write_settings_files=off nmm -c nmm_qsim
Warning (18236): Number of processors has not been specified which may cause overloading on shared machines.  Set the global assignment NUM_PARALLEL_PROCESSORS in your QSF to an appropriate value for best performance.
Info (20030): Parallel compilation is enabled and will use 4 of the 4 processors detected
Info (12021): Found 1 design units, including 1 entities, in source file nmm.bdf
    Info (12023): Found entity 1: nmm
Info (12127): Elaborating entity "nmm" for the top level hierarchy
Warning (275083): Bus "dd0[7..0]" found using same base name as "dd", which might lead to a name conflict.
Warning (275083): Bus "dd1[7..0]" found using same base name as "dd", which might lead to a name conflict.
Warning (275083): Bus "dd2[7..0]" found using same base name as "dd", which might lead to a name conflict.
Warning (275083): Bus "dd3[7..0]" found using same base name as "dd", which might lead to a name conflict.
Warning (275083): Bus "dd4[7..0]" found using same base name as "dd", which might lead to a name conflict.
Warning (275083): Bus "dd5[7..0]" found using same base name as "dd", which might lead to a name conflict.
Warning (275080): Converted elements in bus name "dd" using legacy naming rules. Make any assignments on the new names, not on the original names.
    Warning (275081): Converted element name(s) from "dd[7..0]" to "dd7..0"
Warning (275080): Converted elements in bus name "dd0" using legacy naming rules. Make any assignments on the new names, not on the original names.
    Warning (275081): Converted element name(s) from "dd0[7..0]" to "dd07..0"
Warning (275080): Converted elements in bus name "dd1" using legacy naming rules. Make any assignments on the new names, not on the original names.
    Warning (275081): Converted element name(s) from "dd1[7..0]" to "dd17..0"
Warning (275080): Converted elements in bus name "dd2" using legacy naming rules. Make any assignments on the new names, not on the original names.
    Warning (275081): Converted element name(s) from "dd2[7..0]" to "dd27..0"
Warning (275080): Converted elements in bus name "dd3" using legacy naming rules. Make any assignments on the new names, not on the original names.
    Warning (275081): Converted element name(s) from "dd3[7..0]" to "dd37..0"
Warning (275080): Converted elements in bus name "dd4" using legacy naming rules. Make any assignments on the new names, not on the original names.
    Warning (275081): Converted element name(s) from "dd4[7..0]" to "dd47..0"
Warning (275080): Converted elements in bus name "dd5" using legacy naming rules. Make any assignments on the new names, not on the original names.
    Warning (275081): Converted element name(s) from "dd5[7..0]" to "dd57..0"
Warning (275011): Block or symbol "TFF" of instance "inst3" overlaps another block or symbol
Warning (12125): Using design file /data/save/demux/demux.vhd, which is not specified as a design file for the current project, but contains definitions for 2 design units and 1 entities in project
    Info (12022): Found design unit 1: demux-demux_arch File: k:/data/save/demux/demux.vhd Line: 20
    Info (12023): Found entity 1: demux File: k:/data/save/demux/demux.vhd Line: 5
Info (12128): Elaborating entity "demux" for hierarchy "demux:inst"
Warning (12125): Using design file e:/intelfpga_lite/22.1std/display/display.vhd, which is not specified as a design file for the current project, but contains definitions for 2 design units and 1 entities in project
    Info (12022): Found design unit 1: display-display_arch File: e:/intelfpga_lite/22.1std/display/display.vhd Line: 18
    Info (12023): Found entity 1: display File: e:/intelfpga_lite/22.1std/display/display.vhd Line: 5
Info (12128): Elaborating entity "display" for hierarchy "display:disp"
Warning (10492): VHDL Process Statement warning at display.vhd(37): signal "ds" is read inside the Process Statement but isn't in the Process Statement's sensitivity list File: e:/intelfpga_lite/22.1std/display/display.vhd Line: 37
Warning (10492): VHDL Process Statement warning at display.vhd(54): signal "ds" is read inside the Process Statement but isn't in the Process Statement's sensitivity list File: e:/intelfpga_lite/22.1std/display/display.vhd Line: 54
Warning (10492): VHDL Process Statement warning at display.vhd(62): signal "at" is read inside the Process Statement but isn't in the Process Statement's sensitivity list File: e:/intelfpga_lite/22.1std/display/display.vhd Line: 62
Warning (10492): VHDL Process Statement warning at display.vhd(63): signal "dn" is read inside the Process Statement but isn't in the Process Statement's sensitivity list File: e:/intelfpga_lite/22.1std/display/display.vhd Line: 63
Warning (10492): VHDL Process Statement warning at display.vhd(65): signal "at" is read inside the Process Statement but isn't in the Process Statement's sensitivity list File: e:/intelfpga_lite/22.1std/display/display.vhd Line: 65
Warning (10492): VHDL Process Statement warning at display.vhd(66): signal "dn" is read inside the Process Statement but isn't in the Process Statement's sensitivity list File: e:/intelfpga_lite/22.1std/display/display.vhd Line: 66
Warning (10492): VHDL Process Statement warning at display.vhd(68): signal "at" is read inside the Process Statement but isn't in the Process Statement's sensitivity list File: e:/intelfpga_lite/22.1std/display/display.vhd Line: 68
Warning (10492): VHDL Process Statement warning at display.vhd(69): signal "dn" is read inside the Process Statement but isn't in the Process Statement's sensitivity list File: e:/intelfpga_lite/22.1std/display/display.vhd Line: 69
Warning (10492): VHDL Process Statement warning at display.vhd(74): signal "ds" is read inside the Process Statement but isn't in the Process Statement's sensitivity list File: e:/intelfpga_lite/22.1std/display/display.vhd Line: 74
Warning (10492): VHDL Process Statement warning at display.vhd(82): signal "mc" is read inside the Process Statement but isn't in the Process Statement's sensitivity list File: e:/intelfpga_lite/22.1std/display/display.vhd Line: 82
Warning (10492): VHDL Process Statement warning at display.vhd(83): signal "dn" is read inside the Process Statement but isn't in the Process Statement's sensitivity list File: e:/intelfpga_lite/22.1std/display/display.vhd Line: 83
Warning (10492): VHDL Process Statement warning at display.vhd(85): signal "mc" is read inside the Process Statement but isn't in the Process Statement's sensitivity list File: e:/intelfpga_lite/22.1std/display/display.vhd Line: 85
Warning (10492): VHDL Process Statement warning at display.vhd(86): signal "dn" is read inside the Process Statement but isn't in the Process Statement's sensitivity list File: e:/intelfpga_lite/22.1std/display/display.vhd Line: 86
Warning (10492): VHDL Process Statement warning at display.vhd(88): signal "mc" is read inside the Process Statement but isn't in the Process Statement's sensitivity list File: e:/intelfpga_lite/22.1std/display/display.vhd Line: 88
Warning (10492): VHDL Process Statement warning at display.vhd(89): signal "dn" is read inside the Process Statement but isn't in the Process Statement's sensitivity list File: e:/intelfpga_lite/22.1std/display/display.vhd Line: 89
Warning (10492): VHDL Process Statement warning at display.vhd(94): signal "ds" is read inside the Process Statement but isn't in the Process Statement's sensitivity list File: e:/intelfpga_lite/22.1std/display/display.vhd Line: 94
Warning (10492): VHDL Process Statement warning at display.vhd(102): signal "avg" is read inside the Process Statement but isn't in the Process Statement's sensitivity list File: e:/intelfpga_lite/22.1std/display/display.vhd Line: 102
Warning (10492): VHDL Process Statement warning at display.vhd(108): signal "avg" is read inside the Process Statement but isn't in the Process Statement's sensitivity list File: e:/intelfpga_lite/22.1std/display/display.vhd Line: 108
Warning (10492): VHDL Process Statement warning at display.vhd(114): signal "avg" is read inside the Process Statement but isn't in the Process Statement's sensitivity list File: e:/intelfpga_lite/22.1std/display/display.vhd Line: 114
Warning (10492): VHDL Process Statement warning at display.vhd(123): signal "ds" is read inside the Process Statement but isn't in the Process Statement's sensitivity list File: e:/intelfpga_lite/22.1std/display/display.vhd Line: 123
Warning (10492): VHDL Process Statement warning at display.vhd(140): signal "ds" is read inside the Process Statement but isn't in the Process Statement's sensitivity list File: e:/intelfpga_lite/22.1std/display/display.vhd Line: 140
Warning (10492): VHDL Process Statement warning at display.vhd(142): signal "t" is read inside the Process Statement but isn't in the Process Statement's sensitivity list File: e:/intelfpga_lite/22.1std/display/display.vhd Line: 142
Warning (10492): VHDL Process Statement warning at display.vhd(143): signal "dn" is read inside the Process Statement but isn't in the Process Statement's sensitivity list File: e:/intelfpga_lite/22.1std/display/display.vhd Line: 143
Warning (10492): VHDL Process Statement warning at display.vhd(145): signal "t" is read inside the Process Statement but isn't in the Process Statement's sensitivity list File: e:/intelfpga_lite/22.1std/display/display.vhd Line: 145
Warning (10492): VHDL Process Statement warning at display.vhd(146): signal "dn" is read inside the Process Statement but isn't in the Process Statement's sensitivity list File: e:/intelfpga_lite/22.1std/display/display.vhd Line: 146
Warning (10492): VHDL Process Statement warning at display.vhd(148): signal "t" is read inside the Process Statement but isn't in the Process Statement's sensitivity list File: e:/intelfpga_lite/22.1std/display/display.vhd Line: 148
Warning (10492): VHDL Process Statement warning at display.vhd(149): signal "dn" is read inside the Process Statement but isn't in the Process Statement's sensitivity list File: e:/intelfpga_lite/22.1std/display/display.vhd Line: 149
Warning (10492): VHDL Process Statement warning at display.vhd(151): signal "at" is read inside the Process Statement but isn't in the Process Statement's sensitivity list File: e:/intelfpga_lite/22.1std/display/display.vhd Line: 151
Warning (10492): VHDL Process Statement warning at display.vhd(152): signal "dn" is read inside the Process Statement but isn't in the Process Statement's sensitivity list File: e:/intelfpga_lite/22.1std/display/display.vhd Line: 152
Warning (10492): VHDL Process Statement warning at display.vhd(154): signal "at" is read inside the Process Statement but isn't in the Process Statement's sensitivity list File: e:/intelfpga_lite/22.1std/display/display.vhd Line: 154
Warning (10492): VHDL Process Statement warning at display.vhd(155): signal "dn" is read inside the Process Statement but isn't in the Process Statement's sensitivity list File: e:/intelfpga_lite/22.1std/display/display.vhd Line: 155
Warning (10492): VHDL Process Statement warning at display.vhd(157): signal "at" is read inside the Process Statement but isn't in the Process Statement's sensitivity list File: e:/intelfpga_lite/22.1std/display/display.vhd Line: 157
Warning (10492): VHDL Process Statement warning at display.vhd(158): signal "dn" is read inside the Process Statement but isn't in the Process Statement's sensitivity list File: e:/intelfpga_lite/22.1std/display/display.vhd Line: 158
Warning (10492): VHDL Process Statement warning at display.vhd(163): signal "dtm" is read inside the Process Statement but isn't in the Process Statement's sensitivity list File: e:/intelfpga_lite/22.1std/display/display.vhd Line: 163
Warning (10492): VHDL Process Statement warning at display.vhd(164): signal "ds" is read inside the Process Statement but isn't in the Process Statement's sensitivity list File: e:/intelfpga_lite/22.1std/display/display.vhd Line: 164
Warning (10492): VHDL Process Statement warning at display.vhd(166): signal "DT" is read inside the Process Statement but isn't in the Process Statement's sensitivity list File: e:/intelfpga_lite/22.1std/display/display.vhd Line: 166
Warning (10492): VHDL Process Statement warning at display.vhd(167): signal "dnn" is read inside the Process Statement but isn't in the Process Statement's sensitivity list File: e:/intelfpga_lite/22.1std/display/display.vhd Line: 167
Warning (10492): VHDL Process Statement warning at display.vhd(169): signal "DT" is read inside the Process Statement but isn't in the Process Statement's sensitivity list File: e:/intelfpga_lite/22.1std/display/display.vhd Line: 169
Warning (10492): VHDL Process Statement warning at display.vhd(170): signal "dnn" is read inside the Process Statement but isn't in the Process Statement's sensitivity list File: e:/intelfpga_lite/22.1std/display/display.vhd Line: 170
Warning (10492): VHDL Process Statement warning at display.vhd(172): signal "DT" is read inside the Process Statement but isn't in the Process Statement's sensitivity list File: e:/intelfpga_lite/22.1std/display/display.vhd Line: 172
Warning (10492): VHDL Process Statement warning at display.vhd(173): signal "dnn" is read inside the Process Statement but isn't in the Process Statement's sensitivity list File: e:/intelfpga_lite/22.1std/display/display.vhd Line: 173
Warning (10492): VHDL Process Statement warning at display.vhd(175): signal "DT" is read inside the Process Statement but isn't in the Process Statement's sensitivity list File: e:/intelfpga_lite/22.1std/display/display.vhd Line: 175
Warning (10492): VHDL Process Statement warning at display.vhd(176): signal "dnn" is read inside the Process Statement but isn't in the Process Statement's sensitivity list File: e:/intelfpga_lite/22.1std/display/display.vhd Line: 176
Warning (10492): VHDL Process Statement warning at display.vhd(178): signal "DT" is read inside the Process Statement but isn't in the Process Statement's sensitivity list File: e:/intelfpga_lite/22.1std/display/display.vhd Line: 178
Warning (10492): VHDL Process Statement warning at display.vhd(179): signal "dnn" is read inside the Process Statement but isn't in the Process Statement's sensitivity list File: e:/intelfpga_lite/22.1std/display/display.vhd Line: 179
Warning (10492): VHDL Process Statement warning at display.vhd(186): signal "ds" is read inside the Process Statement but isn't in the Process Statement's sensitivity list File: e:/intelfpga_lite/22.1std/display/display.vhd Line: 186
Warning (10492): VHDL Process Statement warning at display.vhd(194): signal "M" is read inside the Process Statement but isn't in the Process Statement's sensitivity list File: e:/intelfpga_lite/22.1std/display/display.vhd Line: 194
Warning (10492): VHDL Process Statement warning at display.vhd(195): signal "dn" is read inside the Process Statement but isn't in the Process Statement's sensitivity list File: e:/intelfpga_lite/22.1std/display/display.vhd Line: 195
Warning (10492): VHDL Process Statement warning at display.vhd(197): signal "M" is read inside the Process Statement but isn't in the Process Statement's sensitivity list File: e:/intelfpga_lite/22.1std/display/display.vhd Line: 197
Warning (10492): VHDL Process Statement warning at display.vhd(198): signal "dn" is read inside the Process Statement but isn't in the Process Statement's sensitivity list File: e:/intelfpga_lite/22.1std/display/display.vhd Line: 198
Warning (10492): VHDL Process Statement warning at display.vhd(200): signal "M" is read inside the Process Statement but isn't in the Process Statement's sensitivity list File: e:/intelfpga_lite/22.1std/display/display.vhd Line: 200
Warning (10492): VHDL Process Statement warning at display.vhd(201): signal "dn" is read inside the Process Statement but isn't in the Process Statement's sensitivity list File: e:/intelfpga_lite/22.1std/display/display.vhd Line: 201
Warning (10492): VHDL Process Statement warning at display.vhd(207): signal "ds" is read inside the Process Statement but isn't in the Process Statement's sensitivity list File: e:/intelfpga_lite/22.1std/display/display.vhd Line: 207
Warning (10631): VHDL Process Statement warning at display.vhd(33): inferring latch(es) for signal or variable "n", which holds its previous value in one or more paths through the process File: e:/intelfpga_lite/22.1std/display/display.vhd Line: 33
Warning (10631): VHDL Process Statement warning at display.vhd(33): inferring latch(es) for signal or variable "nn", which holds its previous value in one or more paths through the process File: e:/intelfpga_lite/22.1std/display/display.vhd Line: 33
Info (10041): Inferred latch for "nn[0]" at display.vhd(33) File: e:/intelfpga_lite/22.1std/display/display.vhd Line: 33
Info (10041): Inferred latch for "nn[1]" at display.vhd(33) File: e:/intelfpga_lite/22.1std/display/display.vhd Line: 33
Info (10041): Inferred latch for "nn[2]" at display.vhd(33) File: e:/intelfpga_lite/22.1std/display/display.vhd Line: 33
Info (10041): Inferred latch for "nn[3]" at display.vhd(33) File: e:/intelfpga_lite/22.1std/display/display.vhd Line: 33
Info (10041): Inferred latch for "nn[4]" at display.vhd(33) File: e:/intelfpga_lite/22.1std/display/display.vhd Line: 33
Info (10041): Inferred latch for "nn[5]" at display.vhd(33) File: e:/intelfpga_lite/22.1std/display/display.vhd Line: 33
Info (10041): Inferred latch for "nn[6]" at display.vhd(33) File: e:/intelfpga_lite/22.1std/display/display.vhd Line: 33
Info (10041): Inferred latch for "nn[7]" at display.vhd(33) File: e:/intelfpga_lite/22.1std/display/display.vhd Line: 33
Info (10041): Inferred latch for "nn[8]" at display.vhd(33) File: e:/intelfpga_lite/22.1std/display/display.vhd Line: 33
Info (10041): Inferred latch for "nn[9]" at display.vhd(33) File: e:/intelfpga_lite/22.1std/display/display.vhd Line: 33
Info (10041): Inferred latch for "nn[10]" at display.vhd(33) File: e:/intelfpga_lite/22.1std/display/display.vhd Line: 33
Info (10041): Inferred latch for "nn[11]" at display.vhd(33) File: e:/intelfpga_lite/22.1std/display/display.vhd Line: 33
Info (10041): Inferred latch for "nn[12]" at display.vhd(33) File: e:/intelfpga_lite/22.1std/display/display.vhd Line: 33
Info (10041): Inferred latch for "nn[13]" at display.vhd(33) File: e:/intelfpga_lite/22.1std/display/display.vhd Line: 33
Info (10041): Inferred latch for "nn[14]" at display.vhd(33) File: e:/intelfpga_lite/22.1std/display/display.vhd Line: 33
Info (10041): Inferred latch for "nn[15]" at display.vhd(33) File: e:/intelfpga_lite/22.1std/display/display.vhd Line: 33
Info (10041): Inferred latch for "n[0]" at display.vhd(33) File: e:/intelfpga_lite/22.1std/display/display.vhd Line: 33
Info (10041): Inferred latch for "n[1]" at display.vhd(33) File: e:/intelfpga_lite/22.1std/display/display.vhd Line: 33
Info (10041): Inferred latch for "n[2]" at display.vhd(33) File: e:/intelfpga_lite/22.1std/display/display.vhd Line: 33
Info (10041): Inferred latch for "n[3]" at display.vhd(33) File: e:/intelfpga_lite/22.1std/display/display.vhd Line: 33
Info (10041): Inferred latch for "n[4]" at display.vhd(33) File: e:/intelfpga_lite/22.1std/display/display.vhd Line: 33
Info (10041): Inferred latch for "n[5]" at display.vhd(33) File: e:/intelfpga_lite/22.1std/display/display.vhd Line: 33
Info (10041): Inferred latch for "n[6]" at display.vhd(33) File: e:/intelfpga_lite/22.1std/display/display.vhd Line: 33
Info (10041): Inferred latch for "n[7]" at display.vhd(33) File: e:/intelfpga_lite/22.1std/display/display.vhd Line: 33
Info (10041): Inferred latch for "n[8]" at display.vhd(33) File: e:/intelfpga_lite/22.1std/display/display.vhd Line: 33
Info (10041): Inferred latch for "n[9]" at display.vhd(33) File: e:/intelfpga_lite/22.1std/display/display.vhd Line: 33
Info (12128): Elaborating entity "LPM_CONSTANT" for hierarchy "LPM_CONSTANT:inst9"
Info (12130): Elaborated megafunction instantiation "LPM_CONSTANT:inst9"
Info (12133): Instantiated megafunction "LPM_CONSTANT:inst9" with the following parameter:
    Info (12134): Parameter "LPM_CVALUE" = "7"
    Info (12134): Parameter "LPM_WIDTH" = "3"
Warning (12125): Using design file e:/altera/13.1/clk_multiplier/clk_multiplier.bdf, which is not specified as a design file for the current project, but contains definitions for 1 design units and 1 entities in project
    Info (12023): Found entity 1: clk_multiplier
Info (12128): Elaborating entity "clk_multiplier" for hierarchy "clk_multiplier:clkm3"
Info (12128): Elaborating entity "LPM_CONSTANT" for hierarchy "LPM_CONSTANT:inst8"
Info (12130): Elaborated megafunction instantiation "LPM_CONSTANT:inst8"
Info (12133): Instantiated megafunction "LPM_CONSTANT:inst8" with the following parameter:
    Info (12134): Parameter "LPM_CVALUE" = "12"
    Info (12134): Parameter "LPM_WIDTH" = "10"
Warning (12125): Using design file e:/intelfpga_lite/22.1std/average/average.vhd, which is not specified as a design file for the current project, but contains definitions for 2 design units and 1 entities in project
    Info (12022): Found design unit 1: average-avg_arch File: e:/intelfpga_lite/22.1std/average/average.vhd Line: 17
    Info (12023): Found entity 1: average File: e:/intelfpga_lite/22.1std/average/average.vhd Line: 5
Info (12128): Elaborating entity "average" for hierarchy "average:avg"
Info (12128): Elaborating entity "LPM_CONSTANT" for hierarchy "LPM_CONSTANT:inst5"
Info (12130): Elaborated megafunction instantiation "LPM_CONSTANT:inst5"
Info (12133): Instantiated megafunction "LPM_CONSTANT:inst5" with the following parameter:
    Info (12134): Parameter "LPM_CVALUE" = "440"
    Info (12134): Parameter "LPM_WIDTH" = "10"
Warning (12125): Using design file /data/save/counter/counter.vhd, which is not specified as a design file for the current project, but contains definitions for 2 design units and 1 entities in project
    Info (12022): Found design unit 1: counter-counter_arch File: k:/data/save/counter/counter.vhd Line: 13
    Info (12023): Found entity 1: counter File: k:/data/save/counter/counter.vhd Line: 5
Info (12128): Elaborating entity "counter" for hierarchy "counter:inst2"
Warning (14025): LATCH primitive "display:disp|nn[13]" is permanently disabled File: e:/intelfpga_lite/22.1std/display/display.vhd Line: 33
Warning (14025): LATCH primitive "display:disp|nn[12]" is permanently disabled File: e:/intelfpga_lite/22.1std/display/display.vhd Line: 33
Warning (14025): LATCH primitive "display:disp|nn[11]" is permanently disabled File: e:/intelfpga_lite/22.1std/display/display.vhd Line: 33
Warning (14025): LATCH primitive "display:disp|nn[10]" is permanently disabled File: e:/intelfpga_lite/22.1std/display/display.vhd Line: 33
Warning (14025): LATCH primitive "display:disp|nn[9]" is permanently disabled File: e:/intelfpga_lite/22.1std/display/display.vhd Line: 33
Warning (14025): LATCH primitive "display:disp|nn[8]" is permanently disabled File: e:/intelfpga_lite/22.1std/display/display.vhd Line: 33
Warning (14025): LATCH primitive "display:disp|nn[7]" is permanently disabled File: e:/intelfpga_lite/22.1std/display/display.vhd Line: 33
Warning (14025): LATCH primitive "display:disp|nn[6]" is permanently disabled File: e:/intelfpga_lite/22.1std/display/display.vhd Line: 33
Warning (14025): LATCH primitive "display:disp|nn[5]" is permanently disabled File: e:/intelfpga_lite/22.1std/display/display.vhd Line: 33
Warning (14025): LATCH primitive "display:disp|nn[4]" is permanently disabled File: e:/intelfpga_lite/22.1std/display/display.vhd Line: 33
Warning (14025): LATCH primitive "display:disp|nn[3]" is permanently disabled File: e:/intelfpga_lite/22.1std/display/display.vhd Line: 33
Warning (13024): Output pins are stuck at VCC or GND
    Warning (13410): Pin "dd0[7]" is stuck at VCC
    Warning (13410): Pin "dd0[6]" is stuck at VCC
    Warning (13410): Pin "dd0[5]" is stuck at VCC
    Warning (13410): Pin "dd0[2]" is stuck at VCC
    Warning (13410): Pin "dd0[0]" is stuck at VCC
    Warning (13410): Pin "dd1[7]" is stuck at VCC
    Warning (13410): Pin "dd1[6]" is stuck at VCC
    Warning (13410): Pin "dd1[5]" is stuck at VCC
    Warning (13410): Pin "dd1[2]" is stuck at VCC
    Warning (13410): Pin "dd1[0]" is stuck at VCC
    Warning (13410): Pin "dd2[7]" is stuck at VCC
    Warning (13410): Pin "dd2[6]" is stuck at VCC
    Warning (13410): Pin "dd2[5]" is stuck at GND
    Warning (13410): Pin "dd2[2]" is stuck at VCC
    Warning (13410): Pin "dd2[0]" is stuck at VCC
    Warning (13410): Pin "dd3[7]" is stuck at VCC
    Warning (13410): Pin "dd3[6]" is stuck at VCC
    Warning (13410): Pin "dd3[5]" is stuck at VCC
    Warning (13410): Pin "dd3[2]" is stuck at VCC
    Warning (13410): Pin "dd3[0]" is stuck at VCC
    Warning (13410): Pin "dd4[7]" is stuck at VCC
    Warning (13410): Pin "dd4[6]" is stuck at VCC
    Warning (13410): Pin "dd4[5]" is stuck at VCC
    Warning (13410): Pin "dd4[2]" is stuck at VCC
    Warning (13410): Pin "dd4[0]" is stuck at VCC
    Warning (13410): Pin "dd5[7]" is stuck at GND
    Warning (13410): Pin "dd5[6]" is stuck at VCC
    Warning (13410): Pin "dd5[5]" is stuck at VCC
    Warning (13410): Pin "dd5[2]" is stuck at GND
    Warning (13410): Pin "dd5[0]" is stuck at VCC
Info (286030): Timing-Driven Synthesis is running
Info (17049): 153 registers lost all their fanouts during netlist optimizations.
Info (16010): Generating hard_block partition "hard_block:auto_generated_inst"
    Info (16011): Adding 0 node(s), including 0 DDIO, 0 PLL, 0 transceiver and 0 LCELL
Warning (21074): Design contains 5 input pin(s) that do not drive logic
    Warning (15610): No output dependent on input pin "b1"
    Warning (15610): No output dependent on input pin "b2"
    Warning (15610): No output dependent on input pin "sqr_in"
    Warning (15610): No output dependent on input pin "sqr_out"
    Warning (15610): No output dependent on input pin "b0"
Info (21057): Implemented 92 device resources after synthesis - the final resource count might be different
    Info (21058): Implemented 6 input pins
    Info (21059): Implemented 48 output pins
    Info (21061): Implemented 38 logic cells
Info: Quartus Prime Analysis & Synthesis was successful. 0 errors, 130 warnings
    Info: Peak virtual memory: 4805 megabytes
    Info: Processing ended: Mon Dec 11 23:05:18 2023
    Info: Elapsed time: 00:00:12
    Info: Total CPU time (on all processors): 00:00:12


