Flow report for nmm_qsim
Mon Dec 11 23:17:43 2023
Quartus Prime Version 22.1std.2 Build 922 07/20/2023 SC Lite Edition


---------------------
; Table of Contents ;
---------------------
  1. Legal Notice
  2. Flow Summary
  3. Flow Settings
  4. Flow Non-Default Global Settings
  5. Flow Elapsed Time
  6. Flow OS Summary
  7. Flow Log
  8. Flow Messages
  9. Flow Suppressed Messages



----------------
; Legal Notice ;
----------------
Copyright (C) 2023  Intel Corporation. All rights reserved.
Your use of Intel Corporation's design tools, logic functions 
and other software and tools, and any partner logic 
functions, and any output files from any of the foregoing 
(including device programming or simulation files), and any 
associated documentation or information are expressly subject 
to the terms and conditions of the Intel Program License 
Subscription Agreement, the Intel Quartus Prime License Agreement,
the Intel FPGA IP License Agreement, or other applicable license
agreement, including, without limitation, that your use is for
the sole purpose of programming logic devices manufactured by
Intel and sold by Intel or its authorized distributors.  Please
refer to the applicable agreement for further details, at
https://fpgasoftware.intel.com/eula.



+-------------------------------------------------------------------------------------+
; Flow Summary                                                                        ;
+------------------------------------+------------------------------------------------+
; Flow Status                        ; Successful - Mon Dec 11 23:17:43 2023          ;
; Quartus Prime Version              ; 22.1std.2 Build 922 07/20/2023 SC Lite Edition ;
; Revision Name                      ; nmm_qsim                                       ;
; Top-level Entity Name              ; nmm                                            ;
; Family                             ; Cyclone IV E                                   ;
; Device                             ; EP4CE115F29C7                                  ;
; Timing Models                      ; Final                                          ;
; Total logic elements               ; 31 / 114,480 ( < 1 % )                         ;
;     Total combinational functions  ; 15 / 114,480 ( < 1 % )                         ;
;     Dedicated logic registers      ; 24 / 114,480 ( < 1 % )                         ;
; Total registers                    ; 24                                             ;
; Total pins                         ; 54 / 529 ( 10 % )                              ;
; Total virtual pins                 ; 0                                              ;
; Total memory bits                  ; 0 / 3,981,312 ( 0 % )                          ;
; Embedded Multiplier 9-bit elements ; 0 / 532 ( 0 % )                                ;
; Total PLLs                         ; 0 / 4 ( 0 % )                                  ;
+------------------------------------+------------------------------------------------+


+-----------------------------------------+
; Flow Settings                           ;
+-------------------+---------------------+
; Option            ; Setting             ;
+-------------------+---------------------+
; Start date & time ; 12/11/2023 23:05:06 ;
; Main task         ; Compilation         ;
; Revision Name     ; nmm_qsim            ;
+-------------------+---------------------+


+--------------------------------------------------------------------------------------------------------------------------------------+
; Flow Non-Default Global Settings                                                                                                     ;
+-------------------------------------+----------------------------------------+---------------+-------------+-------------------------+
; Assignment Name                     ; Value                                  ; Default Value ; Entity Name ; Section Id              ;
+-------------------------------------+----------------------------------------+---------------+-------------+-------------------------+
; COMPILER_SIGNATURE_ID               ; 2544508934385.170234670619524          ; --            ; --          ; --                      ;
; EDA_GENERATE_FUNCTIONAL_NETLIST     ; Off                                    ; --            ; --          ; eda_formal_verification ;
; MAX_CORE_JUNCTION_TEMP              ; 85                                     ; --            ; --          ; --                      ;
; MIN_CORE_JUNCTION_TEMP              ; 0                                      ; --            ; --          ; --                      ;
; PARTITION_COLOR                     ; -- (Not supported for targeted family) ; --            ; nmm         ; Top                     ;
; PARTITION_FITTER_PRESERVATION_LEVEL ; -- (Not supported for targeted family) ; --            ; nmm         ; Top                     ;
; PARTITION_NETLIST_TYPE              ; -- (Not supported for targeted family) ; --            ; nmm         ; Top                     ;
; POWER_BOARD_THERMAL_MODEL           ; None (CONSERVATIVE)                    ; --            ; --          ; --                      ;
; POWER_PRESET_COOLING_SOLUTION       ; 23 MM HEAT SINK WITH 200 LFPM AIRFLOW  ; --            ; --          ; --                      ;
; PROJECT_OUTPUT_DIRECTORY            ; output_files                           ; --            ; --          ; --                      ;
; SEARCH_PATH                         ; k:/data/save/demux                     ; --            ; --          ; --                      ;
; SEARCH_PATH                         ; k:/data/save/counter                   ; --            ; --          ; --                      ;
; SEARCH_PATH                         ; f:\data\save\display                   ; --            ; --          ; --                      ;
; SEARCH_PATH                         ; f:\data\save\demux                     ; --            ; --          ; --                      ;
; SEARCH_PATH                         ; f:\data\save\controller                ; --            ; --          ; --                      ;
; SEARCH_PATH                         ; f:\data\save\clk_multiplier            ; --            ; --          ; --                      ;
; SEARCH_PATH                         ; f:\data\save\average                   ; --            ; --          ; --                      ;
; SEARCH_PATH                         ; h:\data\save\demux                     ; --            ; --          ; --                      ;
; SEARCH_PATH                         ; h:\data\save\display                   ; --            ; --          ; --                      ;
; SEARCH_PATH                         ; h:\data\save\controller                ; --            ; --          ; --                      ;
; SEARCH_PATH                         ; h:\data\save\clk_multiplier            ; --            ; --          ; --                      ;
; SEARCH_PATH                         ; h:\data\save\average                   ; --            ; --          ; --                      ;
; SEARCH_PATH                         ; e:/intelfpga_lite/22.1std/display      ; --            ; --          ; --                      ;
; SEARCH_PATH                         ; e:/intelfpga_lite/22.1std/average      ; --            ; --          ; --                      ;
; SEARCH_PATH                         ; e:/intelfpga_lite/22.1std/controller   ; --            ; --          ; --                      ;
; SEARCH_PATH                         ; e:\altera\13.1\loader                  ; --            ; --          ; --                      ;
; SEARCH_PATH                         ; e:\altera\13.1\decoder                 ; --            ; --          ; --                      ;
; SEARCH_PATH                         ; e:\altera\13.1\clk_multiplier          ; --            ; --          ; --                      ;
; TOP_LEVEL_ENTITY                    ; nmm                                    ; nmm_qsim      ; --          ; --                      ;
+-------------------------------------+----------------------------------------+---------------+-------------+-------------------------+


+--------------------------------------------------------------------------------------------------------------------------+
; Flow Elapsed Time                                                                                                        ;
+----------------------+--------------+-------------------------+---------------------+------------------------------------+
; Module Name          ; Elapsed Time ; Average Processors Used ; Peak Virtual Memory ; Total CPU Time (on all processors) ;
+----------------------+--------------+-------------------------+---------------------+------------------------------------+
; Analysis & Synthesis ; 00:00:12     ; 1.0                     ; 4805 MB             ; 00:00:12                           ;
; Fitter               ; 00:00:15     ; 1.0                     ; 5704 MB             ; 00:00:07                           ;
; Assembler            ; 00:00:03     ; 1.0                     ; 4724 MB             ; 00:00:01                           ;
; Timing Analyzer      ; 00:00:02     ; 1.0                     ; 4851 MB             ; 00:00:00                           ;
; EDA Netlist Writer   ; 00:00:01     ; 1.0                     ; 4651 MB             ; 00:00:00                           ;
; EDA Netlist Writer   ; 00:00:01     ; 1.0                     ; 4652 MB             ; 00:00:00                           ;
; EDA Netlist Writer   ; 00:00:01     ; 1.0                     ; 4651 MB             ; 00:00:00                           ;
; EDA Netlist Writer   ; 00:00:01     ; 1.0                     ; 4652 MB             ; 00:00:00                           ;
; EDA Netlist Writer   ; 00:00:00     ; 1.0                     ; 4651 MB             ; 00:00:00                           ;
; EDA Netlist Writer   ; 00:00:00     ; 1.0                     ; 4667 MB             ; 00:00:00                           ;
; EDA Netlist Writer   ; 00:00:00     ; 1.0                     ; 4651 MB             ; 00:00:00                           ;
; EDA Netlist Writer   ; 00:00:00     ; 1.0                     ; 4652 MB             ; 00:00:00                           ;
; Total                ; 00:00:36     ; --                      ; --                  ; 00:00:20                           ;
+----------------------+--------------+-------------------------+---------------------+------------------------------------+


+------------------------------------------------------------------------------------+
; Flow OS Summary                                                                    ;
+----------------------+------------------+------------+------------+----------------+
; Module Name          ; Machine Hostname ; OS Name    ; OS Version ; Processor type ;
+----------------------+------------------+------------+------------+----------------+
; Analysis & Synthesis ; Gabriel          ; Windows 10 ; 10.0       ; x86_64         ;
; Fitter               ; Gabriel          ; Windows 10 ; 10.0       ; x86_64         ;
; Assembler            ; Gabriel          ; Windows 10 ; 10.0       ; x86_64         ;
; Timing Analyzer      ; Gabriel          ; Windows 10 ; 10.0       ; x86_64         ;
; EDA Netlist Writer   ; Gabriel          ; Windows 10 ; 10.0       ; x86_64         ;
; EDA Netlist Writer   ; Gabriel          ; Windows 10 ; 10.0       ; x86_64         ;
; EDA Netlist Writer   ; Gabriel          ; Windows 10 ; 10.0       ; x86_64         ;
; EDA Netlist Writer   ; Gabriel          ; Windows 10 ; 10.0       ; x86_64         ;
; EDA Netlist Writer   ; Gabriel          ; Windows 10 ; 10.0       ; x86_64         ;
; EDA Netlist Writer   ; Gabriel          ; Windows 10 ; 10.0       ; x86_64         ;
; EDA Netlist Writer   ; Gabriel          ; Windows 10 ; 10.0       ; x86_64         ;
; EDA Netlist Writer   ; Gabriel          ; Windows 10 ; 10.0       ; x86_64         ;
+----------------------+------------------+------------+------------+----------------+


------------
; Flow Log ;
------------
quartus_map --read_settings_files=on --write_settings_files=off nmm -c nmm_qsim
quartus_fit --read_settings_files=off --write_settings_files=off nmm -c nmm_qsim
quartus_asm --read_settings_files=off --write_settings_files=off nmm -c nmm_qsim
quartus_sta nmm -c nmm_qsim
quartus_eda --gen_testbench --tool=modelsim_oem --format=verilog --write_settings_files=off nmm -c nmm_qsim --vector_source="K:/Data/Save/NMM - Copy/Waveform4.vwf" --testbench_file="K:/Data/Save/NMM - Copy/simulation/qsim/Waveform4.vwf.vt"
quartus_eda --write_settings_files=off --simulation=on --functional=on --flatten_buses=off --tool=modelsim_oem --format=verilog --output_directory="K:/Data/Save/NMM - Copy/simulation/qsim/" nmm -c nmm_qsim
quartus_eda --gen_testbench --tool=modelsim_oem --format=verilog --write_settings_files=off nmm -c nmm_qsim --vector_source="K:/Data/Save/NMM - Copy/Waveform4.vwf" --testbench_file="K:/Data/Save/NMM - Copy/simulation/qsim/Waveform4.vwf.vt"
quartus_eda --write_settings_files=off --simulation=on --functional=on --flatten_buses=off --tool=modelsim_oem --format=verilog --output_directory="K:/Data/Save/NMM - Copy/simulation/qsim/" nmm -c nmm_qsim
quartus_eda --gen_testbench --tool=modelsim_oem --format=verilog --write_settings_files=off nmm -c nmm_qsim --vector_source="K:/Data/Save/NMM - Copy/Waveform4.vwf" --testbench_file="K:/Data/Save/NMM - Copy/simulation/qsim/Waveform4.vwf.vt"
quartus_eda --write_settings_files=off --simulation=on --functional=off --flatten_buses=off --timescale=1ps --tool=modelsim_oem --format=verilog --output_directory="K:/Data/Save/NMM - Copy/simulation/qsim/" nmm -c nmm_qsim
quartus_eda --gen_testbench --tool=modelsim_oem --format=verilog --write_settings_files=off nmm -c nmm_qsim --vector_source="K:/Data/Save/NMM - Copy/Waveform4.vwf" --testbench_file="K:/Data/Save/NMM - Copy/simulation/qsim/Waveform4.vwf.vt"
quartus_eda --write_settings_files=off --simulation=on --functional=on --flatten_buses=off --tool=modelsim_oem --format=verilog --output_directory="K:/Data/Save/NMM - Copy/simulation/qsim/" nmm -c nmm_qsim



