Flow report for controller
Thu Nov 16 22:08:56 2023
Quartus Prime Version 22.1std.2 Build 922 07/20/2023 SC Lite Edition


---------------------
; Table of Contents ;
---------------------
  1. Legal Notice
  2. Flow Summary
  3. Flow Settings
  4. Flow Non-Default Global Settings
  5. Flow Elapsed Time
  6. Flow OS Summary
  7. Flow Log
  8. Flow Messages
  9. Flow Suppressed Messages



----------------
; Legal Notice ;
----------------
Copyright (C) 2023  Intel Corporation. All rights reserved.
Your use of Intel Corporation's design tools, logic functions 
and other software and tools, and any partner logic 
functions, and any output files from any of the foregoing 
(including device programming or simulation files), and any 
associated documentation or information are expressly subject 
to the terms and conditions of the Intel Program License 
Subscription Agreement, the Intel Quartus Prime License Agreement,
the Intel FPGA IP License Agreement, or other applicable license
agreement, including, without limitation, that your use is for
the sole purpose of programming logic devices manufactured by
Intel and sold by Intel or its authorized distributors.  Please
refer to the applicable agreement for further details, at
https://fpgasoftware.intel.com/eula.



+-------------------------------------------------------------------------------------+
; Flow Summary                                                                        ;
+------------------------------------+------------------------------------------------+
; Flow Status                        ; Successful - Thu Nov 16 22:08:56 2023          ;
; Quartus Prime Version              ; 22.1std.2 Build 922 07/20/2023 SC Lite Edition ;
; Revision Name                      ; controller                                     ;
; Top-level Entity Name              ; controller                                     ;
; Family                             ; Cyclone IV E                                   ;
; Total logic elements               ; 131 / 6,272 ( 2 % )                            ;
;     Total combinational functions  ; 129 / 6,272 ( 2 % )                            ;
;     Dedicated logic registers      ; 7 / 6,272 ( < 1 % )                            ;
; Total registers                    ; 7                                              ;
; Total pins                         ; 52 / 92 ( 57 % )                               ;
; Total virtual pins                 ; 0                                              ;
; Total memory bits                  ; 0 / 276,480 ( 0 % )                            ;
; Embedded Multiplier 9-bit elements ; 0 / 30 ( 0 % )                                 ;
; Total PLLs                         ; 0 / 2 ( 0 % )                                  ;
; Device                             ; EP4CE6E22C6                                    ;
; Timing Models                      ; Final                                          ;
+------------------------------------+------------------------------------------------+


+-----------------------------------------+
; Flow Settings                           ;
+-------------------+---------------------+
; Option            ; Setting             ;
+-------------------+---------------------+
; Start date & time ; 11/16/2023 22:06:32 ;
; Main task         ; Compilation         ;
; Revision Name     ; controller          ;
+-------------------+---------------------+


+-----------------------------------------------------------------------------------------------------------------------------+
; Flow Non-Default Global Settings                                                                                            ;
+-------------------------------------+----------------------------------------+---------------+-------------+----------------+
; Assignment Name                     ; Value                                  ; Default Value ; Entity Name ; Section Id     ;
+-------------------------------------+----------------------------------------+---------------+-------------+----------------+
; COMPILER_SIGNATURE_ID               ; 2544508934385.170018319210824          ; --            ; --          ; --             ;
; EDA_OUTPUT_DATA_FORMAT              ; Verilog Hdl                            ; --            ; --          ; eda_simulation ;
; EDA_SIMULATION_TOOL                 ; ModelSim (Verilog)                     ; <None>        ; --          ; --             ;
; EDA_TIME_SCALE                      ; 1 ps                                   ; --            ; --          ; eda_simulation ;
; PARTITION_COLOR                     ; -- (Not supported for targeted family) ; --            ; --          ; Top            ;
; PARTITION_FITTER_PRESERVATION_LEVEL ; -- (Not supported for targeted family) ; --            ; --          ; Top            ;
; PARTITION_NETLIST_TYPE              ; -- (Not supported for targeted family) ; --            ; --          ; Top            ;
; PROJECT_OUTPUT_DIRECTORY            ; output_files                           ; --            ; --          ; --             ;
+-------------------------------------+----------------------------------------+---------------+-------------+----------------+


+--------------------------------------------------------------------------------------------------------------------------+
; Flow Elapsed Time                                                                                                        ;
+----------------------+--------------+-------------------------+---------------------+------------------------------------+
; Module Name          ; Elapsed Time ; Average Processors Used ; Peak Virtual Memory ; Total CPU Time (on all processors) ;
+----------------------+--------------+-------------------------+---------------------+------------------------------------+
; Analysis & Synthesis ; 00:00:11     ; 1.0                     ; 4831 MB             ; 00:00:11                           ;
; Fitter               ; 00:00:05     ; 1.0                     ; 5508 MB             ; 00:00:02                           ;
; Assembler            ; 00:00:00     ; 1.0                     ; 4700 MB             ; 00:00:00                           ;
; Timing Analyzer      ; 00:00:02     ; 1.1                     ; 4796 MB             ; 00:00:01                           ;
; EDA Netlist Writer   ; 00:00:00     ; 1.0                     ; 4648 MB             ; 00:00:00                           ;
; EDA Netlist Writer   ; 00:00:00     ; 1.0                     ; 4647 MB             ; 00:00:00                           ;
; EDA Netlist Writer   ; 00:00:01     ; 1.0                     ; 4648 MB             ; 00:00:00                           ;
; EDA Netlist Writer   ; 00:00:00     ; 1.0                     ; 4647 MB             ; 00:00:00                           ;
; EDA Netlist Writer   ; 00:00:01     ; 1.0                     ; 4648 MB             ; 00:00:00                           ;
; Total                ; 00:00:20     ; --                      ; --                  ; 00:00:14                           ;
+----------------------+--------------+-------------------------+---------------------+------------------------------------+


+------------------------------------------------------------------------------------+
; Flow OS Summary                                                                    ;
+----------------------+------------------+------------+------------+----------------+
; Module Name          ; Machine Hostname ; OS Name    ; OS Version ; Processor type ;
+----------------------+------------------+------------+------------+----------------+
; Analysis & Synthesis ; Gabriel          ; Windows 10 ; 10.0       ; x86_64         ;
; Fitter               ; Gabriel          ; Windows 10 ; 10.0       ; x86_64         ;
; Assembler            ; Gabriel          ; Windows 10 ; 10.0       ; x86_64         ;
; Timing Analyzer      ; Gabriel          ; Windows 10 ; 10.0       ; x86_64         ;
; EDA Netlist Writer   ; Gabriel          ; Windows 10 ; 10.0       ; x86_64         ;
; EDA Netlist Writer   ; Gabriel          ; Windows 10 ; 10.0       ; x86_64         ;
; EDA Netlist Writer   ; Gabriel          ; Windows 10 ; 10.0       ; x86_64         ;
; EDA Netlist Writer   ; Gabriel          ; Windows 10 ; 10.0       ; x86_64         ;
; EDA Netlist Writer   ; Gabriel          ; Windows 10 ; 10.0       ; x86_64         ;
+----------------------+------------------+------------+------------+----------------+


------------
; Flow Log ;
------------
quartus_map --read_settings_files=on --write_settings_files=off controller -c controller
quartus_fit --read_settings_files=off --write_settings_files=off controller -c controller
quartus_asm --read_settings_files=off --write_settings_files=off controller -c controller
quartus_sta controller -c controller
quartus_eda --read_settings_files=off --write_settings_files=off controller -c controller
quartus_eda --gen_testbench --tool=modelsim_oem --format=vhdl --write_settings_files=off controller -c controller --vector_source=E:/intelFPGA_lite/22.1std/Controller/Waveform1.vwf --testbench_file=E:/intelFPGA_lite/22.1std/Controller/simulation/qsim/Waveform1.vwf.vht
quartus_eda --write_settings_files=off --simulation=on --functional=on --flatten_buses=off --tool=modelsim_oem --format=vhdl --output_directory=E:/intelFPGA_lite/22.1std/Controller/simulation/qsim/ controller -c controller
quartus_eda --gen_testbench --tool=modelsim_oem --format=vhdl --write_settings_files=off controller -c controller --vector_source=E:/intelFPGA_lite/22.1std/Controller/Waveform1.vwf --testbench_file=E:/intelFPGA_lite/22.1std/Controller/simulation/qsim/Waveform1.vwf.vht
quartus_eda --write_settings_files=off --simulation=on --functional=on --flatten_buses=off --tool=modelsim_oem --format=vhdl --output_directory=E:/intelFPGA_lite/22.1std/Controller/simulation/qsim/ controller -c controller



