Flow report for nmm
Tue Dec 12 14:36:01 2023
Quartus II 64-Bit Version 13.0.1 Build 232 06/12/2013 Service Pack 1 SJ Web Edition


---------------------
; Table of Contents ;
---------------------
  1. Legal Notice
  2. Flow Summary
  3. Flow Settings
  4. Flow Non-Default Global Settings
  5. Flow Elapsed Time
  6. Flow OS Summary
  7. Flow Log
  8. Flow Messages
  9. Flow Suppressed Messages



----------------
; Legal Notice ;
----------------
Copyright (C) 1991-2013 Altera Corporation
Your use of Altera Corporation's design tools, logic functions 
and other software and tools, and its AMPP partner logic 
functions, and any output files from any of the foregoing 
(including device programming or simulation files), and any 
associated documentation or information are expressly subject 
to the terms and conditions of the Altera Program License 
Subscription Agreement, Altera MegaCore Function License 
Agreement, or other applicable license agreement, including, 
without limitation, that your use is for the sole purpose of 
programming logic devices manufactured by Altera and sold by 
Altera or its authorized distributors.  Please refer to the 
applicable agreement for further details.



+--------------------------------------------------------------------------------------+
; Flow Summary                                                                         ;
+------------------------------------+-------------------------------------------------+
; Flow Status                        ; Successful - Tue Dec 12 14:35:33 2023           ;
; Quartus II 64-Bit Version          ; 13.0.1 Build 232 06/12/2013 SP 1 SJ Web Edition ;
; Revision Name                      ; nmm                                             ;
; Top-level Entity Name              ; nmm                                             ;
; Family                             ; Cyclone IV E                                    ;
; Device                             ; EP4CE115F29C7                                   ;
; Timing Models                      ; Final                                           ;
; Total logic elements               ; 4,536 / 114,480 ( 4 % )                         ;
;     Total combinational functions  ; 4,474 / 114,480 ( 4 % )                         ;
;     Dedicated logic registers      ; 235 / 114,480 ( < 1 % )                         ;
; Total registers                    ; 235                                             ;
; Total pins                         ; 55 / 529 ( 10 % )                               ;
; Total virtual pins                 ; 0                                               ;
; Total memory bits                  ; 0 / 3,981,312 ( 0 % )                           ;
; Embedded Multiplier 9-bit elements ; 2 / 532 ( < 1 % )                               ;
; Total PLLs                         ; 0 / 4 ( 0 % )                                   ;
+------------------------------------+-------------------------------------------------+


+-----------------------------------------+
; Flow Settings                           ;
+-------------------+---------------------+
; Option            ; Setting             ;
+-------------------+---------------------+
; Start date & time ; 12/12/2023 14:33:48 ;
; Main task         ; Compilation         ;
; Revision Name     ; nmm                 ;
+-------------------+---------------------+


+-------------------------------------------------------------------------------------------------------------------------------------+
; Flow Non-Default Global Settings                                                                                                    ;
+-------------------------------------+---------------------------------------+---------------+-------------+-------------------------+
; Assignment Name                     ; Value                                 ; Default Value ; Entity Name ; Section Id              ;
+-------------------------------------+---------------------------------------+---------------+-------------+-------------------------+
; COMPILER_SIGNATURE_ID               ; 17727279886164.170239882703876        ; --            ; --          ; --                      ;
; EDA_GENERATE_FUNCTIONAL_NETLIST     ; Off                                   ; --            ; --          ; eda_formal_verification ;
; MAX_CORE_JUNCTION_TEMP              ; 85                                    ; --            ; --          ; --                      ;
; MIN_CORE_JUNCTION_TEMP              ; 0                                     ; --            ; --          ; --                      ;
; PARTITION_COLOR                     ; 16764057                              ; --            ; --          ; Top                     ;
; PARTITION_FITTER_PRESERVATION_LEVEL ; PLACEMENT_AND_ROUTING                 ; --            ; --          ; Top                     ;
; PARTITION_NETLIST_TYPE              ; SOURCE                                ; --            ; --          ; Top                     ;
; POWER_BOARD_THERMAL_MODEL           ; None (CONSERVATIVE)                   ; --            ; --          ; --                      ;
; POWER_PRESET_COOLING_SOLUTION       ; 23 MM HEAT SINK WITH 200 LFPM AIRFLOW ; --            ; --          ; --                      ;
; PROJECT_OUTPUT_DIRECTORY            ; output_files                          ; --            ; --          ; --                      ;
; SEARCH_PATH                         ; h:\data\save\demux                    ; --            ; --          ; --                      ;
; SEARCH_PATH                         ; h:\data\save\display                  ; --            ; --          ; --                      ;
; SEARCH_PATH                         ; h:\data\save\controller               ; --            ; --          ; --                      ;
; SEARCH_PATH                         ; h:\data\save\clk_multiplier           ; --            ; --          ; --                      ;
; SEARCH_PATH                         ; h:\data\save\average                  ; --            ; --          ; --                      ;
; SEARCH_PATH                         ; e:/intelfpga_lite/22.1std/display     ; --            ; --          ; --                      ;
; SEARCH_PATH                         ; e:/intelfpga_lite/22.1std/average     ; --            ; --          ; --                      ;
; SEARCH_PATH                         ; e:/intelfpga_lite/22.1std/controller  ; --            ; --          ; --                      ;
; SEARCH_PATH                         ; e:\altera\13.1\loader                 ; --            ; --          ; --                      ;
; SEARCH_PATH                         ; e:\altera\13.1\decoder                ; --            ; --          ; --                      ;
; SEARCH_PATH                         ; e:\altera\13.1\clk_multiplier         ; --            ; --          ; --                      ;
+-------------------------------------+---------------------------------------+---------------+-------------+-------------------------+


+-------------------------------------------------------------------------------------------------------------------------------+
; Flow Elapsed Time                                                                                                             ;
+---------------------------+--------------+-------------------------+---------------------+------------------------------------+
; Module Name               ; Elapsed Time ; Average Processors Used ; Peak Virtual Memory ; Total CPU Time (on all processors) ;
+---------------------------+--------------+-------------------------+---------------------+------------------------------------+
; Analysis & Synthesis      ; 00:00:17     ; 1.0                     ; 560 MB              ; 00:00:15                           ;
; Fitter                    ; 00:01:15     ; 1.0                     ; 880 MB              ; 00:01:15                           ;
; Assembler                 ; 00:00:08     ; 1.0                     ; 434 MB              ; 00:00:07                           ;
; TimeQuest Timing Analyzer ; 00:00:27     ; 1.0                     ; 599 MB              ; 00:00:18                           ;
; Total                     ; 00:02:07     ; --                      ; --                  ; 00:01:55                           ;
+---------------------------+--------------+-------------------------+---------------------+------------------------------------+


+----------------------------------------------------------------------------------------+
; Flow OS Summary                                                                        ;
+---------------------------+------------------+-----------+------------+----------------+
; Module Name               ; Machine Hostname ; OS Name   ; OS Version ; Processor type ;
+---------------------------+------------------+-----------+------------+----------------+
; Analysis & Synthesis      ; ifpr-HP          ; Windows 7 ; 6.1        ; x86_64         ;
; Fitter                    ; ifpr-HP          ; Windows 7 ; 6.1        ; x86_64         ;
; Assembler                 ; ifpr-HP          ; Windows 7 ; 6.1        ; x86_64         ;
; TimeQuest Timing Analyzer ; ifpr-HP          ; Windows 7 ; 6.1        ; x86_64         ;
+---------------------------+------------------+-----------+------------+----------------+


------------
; Flow Log ;
------------
quartus_map --read_settings_files=on --write_settings_files=off nmm -c nmm
quartus_fit --read_settings_files=off --write_settings_files=off nmm -c nmm
quartus_asm --read_settings_files=off --write_settings_files=off nmm -c nmm
quartus_sta nmm -c nmm



