Flow report for nmm_qsim
Mon Dec 11 16:21:33 2023
Quartus II 64-Bit Version 13.0.1 Build 232 06/12/2013 Service Pack 1 SJ Web Edition


---------------------
; Table of Contents ;
---------------------
  1. Legal Notice
  2. Flow Summary
  3. Flow Settings
  4. Flow Non-Default Global Settings
  5. Flow Elapsed Time
  6. Flow OS Summary
  7. Flow Log
  8. Flow Messages
  9. Flow Suppressed Messages



----------------
; Legal Notice ;
----------------
Copyright (C) 1991-2013 Altera Corporation
Your use of Altera Corporation's design tools, logic functions 
and other software and tools, and its AMPP partner logic 
functions, and any output files from any of the foregoing 
(including device programming or simulation files), and any 
associated documentation or information are expressly subject 
to the terms and conditions of the Altera Program License 
Subscription Agreement, Altera MegaCore Function License 
Agreement, or other applicable license agreement, including, 
without limitation, that your use is for the sole purpose of 
programming logic devices manufactured by Altera and sold by 
Altera or its authorized distributors.  Please refer to the 
applicable agreement for further details.



+--------------------------------------------------------------------------------------+
; Flow Summary                                                                         ;
+------------------------------------+-------------------------------------------------+
; Flow Status                        ; Successful - Mon Dec 11 16:18:34 2023           ;
; Quartus II 64-Bit Version          ; 13.0.1 Build 232 06/12/2013 SP 1 SJ Web Edition ;
; Revision Name                      ; nmm_qsim                                        ;
; Top-level Entity Name              ; nmm                                             ;
; Family                             ; Cyclone IV E                                    ;
; Device                             ; EP4CE115F29C7                                   ;
; Timing Models                      ; Final                                           ;
; Total logic elements               ; 4,521 / 114,480 ( 4 % )                         ;
;     Total combinational functions  ; 4,469 / 114,480 ( 4 % )                         ;
;     Dedicated logic registers      ; 234 / 114,480 ( < 1 % )                         ;
; Total registers                    ; 234                                             ;
; Total pins                         ; 56 / 529 ( 11 % )                               ;
; Total virtual pins                 ; 0                                               ;
; Total memory bits                  ; 0 / 3,981,312 ( 0 % )                           ;
; Embedded Multiplier 9-bit elements ; 2 / 532 ( < 1 % )                               ;
; Total PLLs                         ; 0 / 4 ( 0 % )                                   ;
+------------------------------------+-------------------------------------------------+


+-----------------------------------------+
; Flow Settings                           ;
+-------------------+---------------------+
; Option            ; Setting             ;
+-------------------+---------------------+
; Start date & time ; 12/11/2023 16:13:11 ;
; Main task         ; Compilation         ;
; Revision Name     ; nmm_qsim            ;
+-------------------+---------------------+


+-------------------------------------------------------------------------------------------------------------------------------------+
; Flow Non-Default Global Settings                                                                                                    ;
+-------------------------------------+---------------------------------------+---------------+-------------+-------------------------+
; Assignment Name                     ; Value                                 ; Default Value ; Entity Name ; Section Id              ;
+-------------------------------------+---------------------------------------+---------------+-------------+-------------------------+
; COMPILER_SIGNATURE_ID               ; 18687093605372.170231839104036        ; --            ; --          ; --                      ;
; EDA_GENERATE_FUNCTIONAL_NETLIST     ; Off                                   ; --            ; --          ; eda_formal_verification ;
; MAX_CORE_JUNCTION_TEMP              ; 85                                    ; --            ; --          ; --                      ;
; MIN_CORE_JUNCTION_TEMP              ; 0                                     ; --            ; --          ; --                      ;
; PARTITION_COLOR                     ; 16764057                              ; --            ; nmm         ; Top                     ;
; PARTITION_FITTER_PRESERVATION_LEVEL ; PLACEMENT_AND_ROUTING                 ; --            ; nmm         ; Top                     ;
; PARTITION_NETLIST_TYPE              ; SOURCE                                ; --            ; nmm         ; Top                     ;
; POWER_BOARD_THERMAL_MODEL           ; None (CONSERVATIVE)                   ; --            ; --          ; --                      ;
; POWER_PRESET_COOLING_SOLUTION       ; 23 MM HEAT SINK WITH 200 LFPM AIRFLOW ; --            ; --          ; --                      ;
; PROJECT_OUTPUT_DIRECTORY            ; output_files                          ; --            ; --          ; --                      ;
; SEARCH_PATH                         ; f:\data\save\display                  ; --            ; --          ; --                      ;
; SEARCH_PATH                         ; f:\data\save\demux                    ; --            ; --          ; --                      ;
; SEARCH_PATH                         ; f:\data\save\controller               ; --            ; --          ; --                      ;
; SEARCH_PATH                         ; f:\data\save\clk_multiplier           ; --            ; --          ; --                      ;
; SEARCH_PATH                         ; f:\data\save\average                  ; --            ; --          ; --                      ;
; SEARCH_PATH                         ; h:\data\save\demux                    ; --            ; --          ; --                      ;
; SEARCH_PATH                         ; h:\data\save\display                  ; --            ; --          ; --                      ;
; SEARCH_PATH                         ; h:\data\save\controller               ; --            ; --          ; --                      ;
; SEARCH_PATH                         ; h:\data\save\clk_multiplier           ; --            ; --          ; --                      ;
; SEARCH_PATH                         ; h:\data\save\average                  ; --            ; --          ; --                      ;
; SEARCH_PATH                         ; e:/intelfpga_lite/22.1std/display     ; --            ; --          ; --                      ;
; SEARCH_PATH                         ; e:/intelfpga_lite/22.1std/average     ; --            ; --          ; --                      ;
; SEARCH_PATH                         ; e:/intelfpga_lite/22.1std/controller  ; --            ; --          ; --                      ;
; SEARCH_PATH                         ; e:\altera\13.1\loader                 ; --            ; --          ; --                      ;
; SEARCH_PATH                         ; e:\altera\13.1\decoder                ; --            ; --          ; --                      ;
; SEARCH_PATH                         ; e:\altera\13.1\clk_multiplier         ; --            ; --          ; --                      ;
; TOP_LEVEL_ENTITY                    ; nmm                                   ; nmm_qsim      ; --          ; --                      ;
+-------------------------------------+---------------------------------------+---------------+-------------+-------------------------+


+-------------------------------------------------------------------------------------------------------------------------------+
; Flow Elapsed Time                                                                                                             ;
+---------------------------+--------------+-------------------------+---------------------+------------------------------------+
; Module Name               ; Elapsed Time ; Average Processors Used ; Peak Virtual Memory ; Total CPU Time (on all processors) ;
+---------------------------+--------------+-------------------------+---------------------+------------------------------------+
; Analysis & Synthesis      ; 00:00:24     ; 1.0                     ; 555 MB              ; 00:00:21                           ;
; Fitter                    ; 00:04:47     ; 1.0                     ; 909 MB              ; 00:04:38                           ;
; Assembler                 ; 00:00:07     ; 1.0                     ; 437 MB              ; 00:00:07                           ;
; TimeQuest Timing Analyzer ; 00:02:57     ; 1.0                     ; 735 MB              ; 00:02:43                           ;
; Total                     ; 00:08:15     ; --                      ; --                  ; 00:07:49                           ;
+---------------------------+--------------+-------------------------+---------------------+------------------------------------+


+----------------------------------------------------------------------------------------+
; Flow OS Summary                                                                        ;
+---------------------------+------------------+-----------+------------+----------------+
; Module Name               ; Machine Hostname ; OS Name   ; OS Version ; Processor type ;
+---------------------------+------------------+-----------+------------+----------------+
; Analysis & Synthesis      ; ifpr-HP          ; Windows 7 ; 6.1        ; x86_64         ;
; Fitter                    ; ifpr-HP          ; Windows 7 ; 6.1        ; x86_64         ;
; Assembler                 ; ifpr-HP          ; Windows 7 ; 6.1        ; x86_64         ;
; TimeQuest Timing Analyzer ; ifpr-HP          ; Windows 7 ; 6.1        ; x86_64         ;
+---------------------------+------------------+-----------+------------+----------------+


------------
; Flow Log ;
------------
quartus_map --read_settings_files=on --write_settings_files=off nmm -c nmm_qsim
quartus_fit --read_settings_files=off --write_settings_files=off nmm -c nmm_qsim
quartus_asm --read_settings_files=off --write_settings_files=off nmm -c nmm_qsim
quartus_sta nmm -c nmm_qsim



