Analysis & Synthesis report for controller
Tue Oct 17 08:30:58 2023
Quartus II 64-Bit Version 13.0.1 Build 232 06/12/2013 Service Pack 1 SJ Web Edition


---------------------
; Table of Contents ;
---------------------
  1. Legal Notice
  2. Analysis & Synthesis Summary
  3. Analysis & Synthesis Settings
  4. Parallel Compilation
  5. Analysis & Synthesis Source Files Read
  6. Analysis & Synthesis Resource Usage Summary
  7. Analysis & Synthesis Resource Utilization by Entity
  8. State Machine - |controller|st
  9. User-Specified and Inferred Latches
 10. Registers Removed During Synthesis
 11. General Register Statistics
 12. Multiplexer Restructuring Statistics (Restructuring Performed)
 13. Parameter Settings for Inferred Entity Instance: lpm_divide:Div1
 14. Parameter Settings for Inferred Entity Instance: lpm_divide:Div0
 15. Elapsed Time Per Partition
 16. Analysis & Synthesis Messages



----------------
; Legal Notice ;
----------------
Copyright (C) 1991-2013 Altera Corporation
Your use of Altera Corporation's design tools, logic functions 
and other software and tools, and its AMPP partner logic 
functions, and any output files from any of the foregoing 
(including device programming or simulation files), and any 
associated documentation or information are expressly subject 
to the terms and conditions of the Altera Program License 
Subscription Agreement, Altera MegaCore Function License 
Agreement, or other applicable license agreement, including, 
without limitation, that your use is for the sole purpose of 
programming logic devices manufactured by Altera and sold by 
Altera or its authorized distributors.  Please refer to the 
applicable agreement for further details.



+--------------------------------------------------------------------------------------+
; Analysis & Synthesis Summary                                                         ;
+------------------------------------+-------------------------------------------------+
; Analysis & Synthesis Status        ; Successful - Tue Oct 17 08:30:58 2023           ;
; Quartus II 64-Bit Version          ; 13.0.1 Build 232 06/12/2013 SP 1 SJ Web Edition ;
; Revision Name                      ; controller                                      ;
; Top-level Entity Name              ; controller                                      ;
; Family                             ; Cyclone IV E                                    ;
; Total logic elements               ; 641                                             ;
;     Total combinational functions  ; 593                                             ;
;     Dedicated logic registers      ; 64                                              ;
; Total registers                    ; 64                                              ;
; Total pins                         ; 83                                              ;
; Total virtual pins                 ; 0                                               ;
; Total memory bits                  ; 0                                               ;
; Embedded Multiplier 9-bit elements ; 0                                               ;
; Total PLLs                         ; 0                                               ;
+------------------------------------+-------------------------------------------------+


+----------------------------------------------------------------------------------------------------------------------+
; Analysis & Synthesis Settings                                                                                        ;
+----------------------------------------------------------------------------+--------------------+--------------------+
; Option                                                                     ; Setting            ; Default Value      ;
+----------------------------------------------------------------------------+--------------------+--------------------+
; Device                                                                     ; EP4CE6F17C8        ;                    ;
; Top-level entity name                                                      ; controller         ; controller         ;
; Family name                                                                ; Cyclone IV E       ; Cyclone IV GX      ;
; Use smart compilation                                                      ; Off                ; Off                ;
; Enable parallel Assembler and TimeQuest Timing Analyzer during compilation ; On                 ; On                 ;
; Enable compact report table                                                ; Off                ; Off                ;
; Restructure Multiplexers                                                   ; Auto               ; Auto               ;
; Create Debugging Nodes for IP Cores                                        ; Off                ; Off                ;
; Preserve fewer node names                                                  ; On                 ; On                 ;
; Disable OpenCore Plus hardware evaluation                                  ; Off                ; Off                ;
; Verilog Version                                                            ; Verilog_2001       ; Verilog_2001       ;
; VHDL Version                                                               ; VHDL_1993          ; VHDL_1993          ;
; State Machine Processing                                                   ; Auto               ; Auto               ;
; Safe State Machine                                                         ; Off                ; Off                ;
; Extract Verilog State Machines                                             ; On                 ; On                 ;
; Extract VHDL State Machines                                                ; On                 ; On                 ;
; Ignore Verilog initial constructs                                          ; Off                ; Off                ;
; Iteration limit for constant Verilog loops                                 ; 5000               ; 5000               ;
; Iteration limit for non-constant Verilog loops                             ; 250                ; 250                ;
; Add Pass-Through Logic to Inferred RAMs                                    ; On                 ; On                 ;
; Infer RAMs from Raw Logic                                                  ; On                 ; On                 ;
; Parallel Synthesis                                                         ; On                 ; On                 ;
; DSP Block Balancing                                                        ; Auto               ; Auto               ;
; NOT Gate Push-Back                                                         ; On                 ; On                 ;
; Power-Up Don't Care                                                        ; On                 ; On                 ;
; Remove Redundant Logic Cells                                               ; Off                ; Off                ;
; Remove Duplicate Registers                                                 ; On                 ; On                 ;
; Ignore CARRY Buffers                                                       ; Off                ; Off                ;
; Ignore CASCADE Buffers                                                     ; Off                ; Off                ;
; Ignore GLOBAL Buffers                                                      ; Off                ; Off                ;
; Ignore ROW GLOBAL Buffers                                                  ; Off                ; Off                ;
; Ignore LCELL Buffers                                                       ; Off                ; Off                ;
; Ignore SOFT Buffers                                                        ; On                 ; On                 ;
; Limit AHDL Integers to 32 Bits                                             ; Off                ; Off                ;
; Optimization Technique                                                     ; Balanced           ; Balanced           ;
; Carry Chain Length                                                         ; 70                 ; 70                 ;
; Auto Carry Chains                                                          ; On                 ; On                 ;
; Auto Open-Drain Pins                                                       ; On                 ; On                 ;
; Perform WYSIWYG Primitive Resynthesis                                      ; Off                ; Off                ;
; Auto ROM Replacement                                                       ; On                 ; On                 ;
; Auto RAM Replacement                                                       ; On                 ; On                 ;
; Auto DSP Block Replacement                                                 ; On                 ; On                 ;
; Auto Shift Register Replacement                                            ; Auto               ; Auto               ;
; Allow Shift Register Merging across Hierarchies                            ; Auto               ; Auto               ;
; Auto Clock Enable Replacement                                              ; On                 ; On                 ;
; Strict RAM Replacement                                                     ; Off                ; Off                ;
; Allow Synchronous Control Signals                                          ; On                 ; On                 ;
; Force Use of Synchronous Clear Signals                                     ; Off                ; Off                ;
; Auto RAM Block Balancing                                                   ; On                 ; On                 ;
; Auto RAM to Logic Cell Conversion                                          ; Off                ; Off                ;
; Auto Resource Sharing                                                      ; Off                ; Off                ;
; Allow Any RAM Size For Recognition                                         ; Off                ; Off                ;
; Allow Any ROM Size For Recognition                                         ; Off                ; Off                ;
; Allow Any Shift Register Size For Recognition                              ; Off                ; Off                ;
; Use LogicLock Constraints during Resource Balancing                        ; On                 ; On                 ;
; Ignore translate_off and synthesis_off directives                          ; Off                ; Off                ;
; Timing-Driven Synthesis                                                    ; On                 ; On                 ;
; Report Parameter Settings                                                  ; On                 ; On                 ;
; Report Source Assignments                                                  ; On                 ; On                 ;
; Report Connectivity Checks                                                 ; On                 ; On                 ;
; Ignore Maximum Fan-Out Assignments                                         ; Off                ; Off                ;
; Synchronization Register Chain Length                                      ; 2                  ; 2                  ;
; PowerPlay Power Optimization                                               ; Normal compilation ; Normal compilation ;
; HDL message level                                                          ; Level2             ; Level2             ;
; Suppress Register Optimization Related Messages                            ; Off                ; Off                ;
; Number of Removed Registers Reported in Synthesis Report                   ; 5000               ; 5000               ;
; Number of Swept Nodes Reported in Synthesis Report                         ; 5000               ; 5000               ;
; Number of Inverted Registers Reported in Synthesis Report                  ; 100                ; 100                ;
; Clock MUX Protection                                                       ; On                 ; On                 ;
; Auto Gated Clock Conversion                                                ; Off                ; Off                ;
; Block Design Naming                                                        ; Auto               ; Auto               ;
; SDC constraint protection                                                  ; Off                ; Off                ;
; Synthesis Effort                                                           ; Auto               ; Auto               ;
; Shift Register Replacement - Allow Asynchronous Clear Signal               ; On                 ; On                 ;
; Pre-Mapping Resynthesis Optimization                                       ; Off                ; Off                ;
; Analysis & Synthesis Message Level                                         ; Medium             ; Medium             ;
; Disable Register Merging Across Hierarchies                                ; Auto               ; Auto               ;
; Resource Aware Inference For Block RAM                                     ; On                 ; On                 ;
; Synthesis Seed                                                             ; 1                  ; 1                  ;
+----------------------------------------------------------------------------+--------------------+--------------------+


Parallel compilation was disabled, but you have multiple processors available. Enable parallel compilation to reduce compilation time.
+-------------------------------------+
; Parallel Compilation                ;
+----------------------------+--------+
; Processors                 ; Number ;
+----------------------------+--------+
; Number detected on machine ; 8      ;
; Maximum allowed            ; 1      ;
+----------------------------+--------+


+---------------------------------------------------------------------------------------------------------------------------------------------------------------------+
; Analysis & Synthesis Source Files Read                                                                                                                              ;
+----------------------------------+-----------------+------------------------------+-----------------------------------------------------------------------+---------+
; File Name with User-Entered Path ; Used in Netlist ; File Type                    ; File Name with Absolute Path                                          ; Library ;
+----------------------------------+-----------------+------------------------------+-----------------------------------------------------------------------+---------+
; controller.vhd                   ; yes             ; User VHDL File               ; F:/Data/Save/Controller/controller.vhd                                ;         ;
; lpm_divide.tdf                   ; yes             ; Megafunction                 ; c:/altera/13.0sp1/quartus/libraries/megafunctions/lpm_divide.tdf      ;         ;
; abs_divider.inc                  ; yes             ; Megafunction                 ; c:/altera/13.0sp1/quartus/libraries/megafunctions/abs_divider.inc     ;         ;
; sign_div_unsign.inc              ; yes             ; Megafunction                 ; c:/altera/13.0sp1/quartus/libraries/megafunctions/sign_div_unsign.inc ;         ;
; aglobal130.inc                   ; yes             ; Megafunction                 ; c:/altera/13.0sp1/quartus/libraries/megafunctions/aglobal130.inc      ;         ;
; db/lpm_divide_1jm.tdf            ; yes             ; Auto-Generated Megafunction  ; F:/Data/Save/Controller/db/lpm_divide_1jm.tdf                         ;         ;
; db/sign_div_unsign_plh.tdf       ; yes             ; Auto-Generated Megafunction  ; F:/Data/Save/Controller/db/sign_div_unsign_plh.tdf                    ;         ;
; db/alt_u_div_67f.tdf             ; yes             ; Auto-Generated Megafunction  ; F:/Data/Save/Controller/db/alt_u_div_67f.tdf                          ;         ;
; db/add_sub_7pc.tdf               ; yes             ; Auto-Generated Megafunction  ; F:/Data/Save/Controller/db/add_sub_7pc.tdf                            ;         ;
; db/add_sub_8pc.tdf               ; yes             ; Auto-Generated Megafunction  ; F:/Data/Save/Controller/db/add_sub_8pc.tdf                            ;         ;
; db/lpm_divide_ihm.tdf            ; yes             ; Auto-Generated Megafunction  ; F:/Data/Save/Controller/db/lpm_divide_ihm.tdf                         ;         ;
; db/sign_div_unsign_akh.tdf       ; yes             ; Auto-Generated Megafunction  ; F:/Data/Save/Controller/db/sign_div_unsign_akh.tdf                    ;         ;
; db/alt_u_div_84f.tdf             ; yes             ; Auto-Generated Megafunction  ; F:/Data/Save/Controller/db/alt_u_div_84f.tdf                          ;         ;
+----------------------------------+-----------------+------------------------------+-----------------------------------------------------------------------+---------+


+----------------------------------------------------------+
; Analysis & Synthesis Resource Usage Summary              ;
+---------------------------------------------+------------+
; Resource                                    ; Usage      ;
+---------------------------------------------+------------+
; Estimated Total logic elements              ; 641        ;
;                                             ;            ;
; Total combinational functions               ; 593        ;
; Logic element usage by number of LUT inputs ;            ;
;     -- 4 input functions                    ; 144        ;
;     -- 3 input functions                    ; 250        ;
;     -- <=2 input functions                  ; 199        ;
;                                             ;            ;
; Logic elements by mode                      ;            ;
;     -- normal mode                          ; 314        ;
;     -- arithmetic mode                      ; 279        ;
;                                             ;            ;
; Total registers                             ; 64         ;
;     -- Dedicated logic registers            ; 64         ;
;     -- I/O registers                        ; 0          ;
;                                             ;            ;
; I/O pins                                    ; 83         ;
; Embedded Multiplier 9-bit elements          ; 0          ;
; Maximum fan-out node                        ; load~input ;
; Maximum fan-out                             ; 62         ;
; Total fan-out                               ; 1966       ;
; Average fan-out                             ; 2.38       ;
+---------------------------------------------+------------+


+---------------------------------------------------------------------------------------------------------------------------------------------------------------------------------------------------------------------------------------------------------------------------------+
; Analysis & Synthesis Resource Utilization by Entity                                                                                                                                                                                                                             ;
+----------------------------------------+-------------------+--------------+-------------+--------------+---------+-----------+------+--------------+-------------------------------------------------------------------------------------------------------------+--------------+
; Compilation Hierarchy Node             ; LC Combinationals ; LC Registers ; Memory Bits ; DSP Elements ; DSP 9x9 ; DSP 18x18 ; Pins ; Virtual Pins ; Full Hierarchy Name                                                                                         ; Library Name ;
+----------------------------------------+-------------------+--------------+-------------+--------------+---------+-----------+------+--------------+-------------------------------------------------------------------------------------------------------------+--------------+
; |controller                            ; 593 (405)         ; 64 (64)      ; 0           ; 0            ; 0       ; 0         ; 83   ; 0            ; |controller                                                                                                 ; work         ;
;    |lpm_divide:Div0|                   ; 39 (0)            ; 0 (0)        ; 0           ; 0            ; 0       ; 0         ; 0    ; 0            ; |controller|lpm_divide:Div0                                                                                 ; work         ;
;       |lpm_divide_ihm:auto_generated|  ; 39 (0)            ; 0 (0)        ; 0           ; 0            ; 0       ; 0         ; 0    ; 0            ; |controller|lpm_divide:Div0|lpm_divide_ihm:auto_generated                                                   ; work         ;
;          |sign_div_unsign_akh:divider| ; 39 (0)            ; 0 (0)        ; 0           ; 0            ; 0       ; 0         ; 0    ; 0            ; |controller|lpm_divide:Div0|lpm_divide_ihm:auto_generated|sign_div_unsign_akh:divider                       ; work         ;
;             |alt_u_div_84f:divider|    ; 39 (39)           ; 0 (0)        ; 0           ; 0            ; 0       ; 0         ; 0    ; 0            ; |controller|lpm_divide:Div0|lpm_divide_ihm:auto_generated|sign_div_unsign_akh:divider|alt_u_div_84f:divider ; work         ;
;    |lpm_divide:Div1|                   ; 149 (0)           ; 0 (0)        ; 0           ; 0            ; 0       ; 0         ; 0    ; 0            ; |controller|lpm_divide:Div1                                                                                 ; work         ;
;       |lpm_divide_1jm:auto_generated|  ; 149 (0)           ; 0 (0)        ; 0           ; 0            ; 0       ; 0         ; 0    ; 0            ; |controller|lpm_divide:Div1|lpm_divide_1jm:auto_generated                                                   ; work         ;
;          |sign_div_unsign_plh:divider| ; 149 (0)           ; 0 (0)        ; 0           ; 0            ; 0       ; 0         ; 0    ; 0            ; |controller|lpm_divide:Div1|lpm_divide_1jm:auto_generated|sign_div_unsign_plh:divider                       ; work         ;
;             |alt_u_div_67f:divider|    ; 149 (149)         ; 0 (0)        ; 0           ; 0            ; 0       ; 0         ; 0    ; 0            ; |controller|lpm_divide:Div1|lpm_divide_1jm:auto_generated|sign_div_unsign_plh:divider|alt_u_div_67f:divider ; work         ;
+----------------------------------------+-------------------+--------------+-------------+--------------+---------+-----------+------+--------------+-------------------------------------------------------------------------------------------------------------+--------------+
Note: For table entries with two numbers listed, the numbers in parentheses indicate the number of resources of the given type used by the specific entity alone. The numbers listed outside of parentheses indicate the total resources of the given type used by the specific entity and all of its sub-entities in the hierarchy.


Encoding Type:  One-Hot
+----------------------------------------------------------------------------------------------------------------------------------------------+
; State Machine - |controller|st                                                                                                               ;
+--------+--------+--------+--------+--------+--------+--------+-------+-------+-------+-------+-------+-------+-------+-------+-------+-------+
; Name   ; st.S15 ; st.S14 ; st.S13 ; st.S12 ; st.S11 ; st.S10 ; st.S9 ; st.S8 ; st.S7 ; st.S6 ; st.S5 ; st.S4 ; st.S3 ; st.S2 ; st.S1 ; st.S0 ;
+--------+--------+--------+--------+--------+--------+--------+-------+-------+-------+-------+-------+-------+-------+-------+-------+-------+
; st.S0  ; 0      ; 0      ; 0      ; 0      ; 0      ; 0      ; 0     ; 0     ; 0     ; 0     ; 0     ; 0     ; 0     ; 0     ; 0     ; 0     ;
; st.S1  ; 0      ; 0      ; 0      ; 0      ; 0      ; 0      ; 0     ; 0     ; 0     ; 0     ; 0     ; 0     ; 0     ; 0     ; 1     ; 1     ;
; st.S2  ; 0      ; 0      ; 0      ; 0      ; 0      ; 0      ; 0     ; 0     ; 0     ; 0     ; 0     ; 0     ; 0     ; 1     ; 0     ; 1     ;
; st.S3  ; 0      ; 0      ; 0      ; 0      ; 0      ; 0      ; 0     ; 0     ; 0     ; 0     ; 0     ; 0     ; 1     ; 0     ; 0     ; 1     ;
; st.S4  ; 0      ; 0      ; 0      ; 0      ; 0      ; 0      ; 0     ; 0     ; 0     ; 0     ; 0     ; 1     ; 0     ; 0     ; 0     ; 1     ;
; st.S5  ; 0      ; 0      ; 0      ; 0      ; 0      ; 0      ; 0     ; 0     ; 0     ; 0     ; 1     ; 0     ; 0     ; 0     ; 0     ; 1     ;
; st.S6  ; 0      ; 0      ; 0      ; 0      ; 0      ; 0      ; 0     ; 0     ; 0     ; 1     ; 0     ; 0     ; 0     ; 0     ; 0     ; 1     ;
; st.S7  ; 0      ; 0      ; 0      ; 0      ; 0      ; 0      ; 0     ; 0     ; 1     ; 0     ; 0     ; 0     ; 0     ; 0     ; 0     ; 1     ;
; st.S8  ; 0      ; 0      ; 0      ; 0      ; 0      ; 0      ; 0     ; 1     ; 0     ; 0     ; 0     ; 0     ; 0     ; 0     ; 0     ; 1     ;
; st.S9  ; 0      ; 0      ; 0      ; 0      ; 0      ; 0      ; 1     ; 0     ; 0     ; 0     ; 0     ; 0     ; 0     ; 0     ; 0     ; 1     ;
; st.S10 ; 0      ; 0      ; 0      ; 0      ; 0      ; 1      ; 0     ; 0     ; 0     ; 0     ; 0     ; 0     ; 0     ; 0     ; 0     ; 1     ;
; st.S11 ; 0      ; 0      ; 0      ; 0      ; 1      ; 0      ; 0     ; 0     ; 0     ; 0     ; 0     ; 0     ; 0     ; 0     ; 0     ; 1     ;
; st.S12 ; 0      ; 0      ; 0      ; 1      ; 0      ; 0      ; 0     ; 0     ; 0     ; 0     ; 0     ; 0     ; 0     ; 0     ; 0     ; 1     ;
; st.S13 ; 0      ; 0      ; 1      ; 0      ; 0      ; 0      ; 0     ; 0     ; 0     ; 0     ; 0     ; 0     ; 0     ; 0     ; 0     ; 1     ;
; st.S14 ; 0      ; 1      ; 0      ; 0      ; 0      ; 0      ; 0     ; 0     ; 0     ; 0     ; 0     ; 0     ; 0     ; 0     ; 0     ; 1     ;
; st.S15 ; 1      ; 0      ; 0      ; 0      ; 0      ; 0      ; 0     ; 0     ; 0     ; 0     ; 0     ; 0     ; 0     ; 0     ; 0     ; 1     ;
+--------+--------+--------+--------+--------+--------+--------+-------+-------+-------+-------+-------+-------+-------+-------+-------+-------+


+----------------------------------------------------------------------------------------------------+
; User-Specified and Inferred Latches                                                                ;
+-----------------------------------------------------+---------------------+------------------------+
; Latch Name                                          ; Latch Enable Signal ; Free of Timing Hazards ;
+-----------------------------------------------------+---------------------+------------------------+
; sat[0]                                              ; sat[0]              ; yes                    ;
; sat[1]                                              ; sat[1]              ; yes                    ;
; sat[2]                                              ; sat[2]              ; yes                    ;
; sat[3]                                              ; sat[9]              ; yes                    ;
; sat[4]                                              ; sat[9]              ; yes                    ;
; sat[5]                                              ; sat[9]              ; yes                    ;
; sat[6]                                              ; sat[9]              ; yes                    ;
; sat[7]                                              ; sat[9]              ; yes                    ;
; sat[8]                                              ; sat[9]              ; yes                    ;
; sat[9]                                              ; sat[9]              ; yes                    ;
; ev.S1_2295                                          ; Selector6           ; yes                    ;
; cv[0]                                               ; cv[0]               ; yes                    ;
; blk                                                 ; Selector4           ; yes                    ;
; cv[1]                                               ; cv[0]               ; yes                    ;
; cv[2]                                               ; cv[0]               ; yes                    ;
; cv[3]                                               ; cv[0]               ; yes                    ;
; cv[5]                                               ; cv[0]               ; yes                    ;
; cv[6]                                               ; cv[0]               ; yes                    ;
; ev.S0_2315                                          ; Selector6           ; yes                    ;
; Number of user-specified and inferred latches = 19  ;                     ;                        ;
+-----------------------------------------------------+---------------------+------------------------+
Note: All latches listed above may not be present at the end of synthesis due to various synthesis optimizations.


+---------------------------------------------------------------------------------+
; Registers Removed During Synthesis                                              ;
+----------------------------------------+----------------------------------------+
; Register name                          ; Reason for Removal                     ;
+----------------------------------------+----------------------------------------+
; avg_mc[0..9]                           ; Stuck at GND due to stuck port data_in ;
; st.S2                                  ; Lost fanout                            ;
; st.S3                                  ; Lost fanout                            ;
; st.S4                                  ; Lost fanout                            ;
; st.S5                                  ; Lost fanout                            ;
; st.S6                                  ; Lost fanout                            ;
; st.S7                                  ; Lost fanout                            ;
; st.S8                                  ; Lost fanout                            ;
; st.S9                                  ; Lost fanout                            ;
; st.S10                                 ; Lost fanout                            ;
; st.S11                                 ; Lost fanout                            ;
; st.S12                                 ; Lost fanout                            ;
; st.S13                                 ; Lost fanout                            ;
; st.S14                                 ; Lost fanout                            ;
; st.S15                                 ; Lost fanout                            ;
; Total Number of Removed Registers = 24 ;                                        ;
+----------------------------------------+----------------------------------------+


+------------------------------------------------------+
; General Register Statistics                          ;
+----------------------------------------------+-------+
; Statistic                                    ; Value ;
+----------------------------------------------+-------+
; Total registers                              ; 64    ;
; Number of registers using Synchronous Clear  ; 0     ;
; Number of registers using Synchronous Load   ; 12    ;
; Number of registers using Asynchronous Clear ; 0     ;
; Number of registers using Asynchronous Load  ; 0     ;
; Number of registers using Clock Enable       ; 60    ;
; Number of registers using Preset             ; 0     ;
+----------------------------------------------+-------+


+------------------------------------------------------------------------------------------------------------------------------------------+
; Multiplexer Restructuring Statistics (Restructuring Performed)                                                                           ;
+--------------------+-----------+---------------+----------------------+------------------------+------------+----------------------------+
; Multiplexer Inputs ; Bus Width ; Baseline Area ; Area if Restructured ; Saving if Restructured ; Registered ; Example Multiplexer Output ;
+--------------------+-----------+---------------+----------------------+------------------------+------------+----------------------------+
; 66:1               ; 7 bits    ; 308 LEs       ; 56 LEs               ; 252 LEs                ; No         ; |controller|sat[3]         ;
+--------------------+-----------+---------------+----------------------+------------------------+------------+----------------------------+


+------------------------------------------------------------------+
; Parameter Settings for Inferred Entity Instance: lpm_divide:Div1 ;
+------------------------+----------------+------------------------+
; Parameter Name         ; Value          ; Type                   ;
+------------------------+----------------+------------------------+
; LPM_WIDTHN             ; 16             ; Untyped                ;
; LPM_WIDTHD             ; 3              ; Untyped                ;
; LPM_NREPRESENTATION    ; UNSIGNED       ; Untyped                ;
; LPM_DREPRESENTATION    ; UNSIGNED       ; Untyped                ;
; LPM_PIPELINE           ; 0              ; Untyped                ;
; LPM_REMAINDERPOSITIVE  ; TRUE           ; Untyped                ;
; MAXIMIZE_SPEED         ; 5              ; Untyped                ;
; CBXI_PARAMETER         ; lpm_divide_1jm ; Untyped                ;
; CARRY_CHAIN            ; MANUAL         ; Untyped                ;
; OPTIMIZE_FOR_SPEED     ; 5              ; Untyped                ;
; AUTO_CARRY_CHAINS      ; ON             ; AUTO_CARRY             ;
; IGNORE_CARRY_BUFFERS   ; OFF            ; IGNORE_CARRY           ;
; AUTO_CASCADE_CHAINS    ; ON             ; AUTO_CASCADE           ;
; IGNORE_CASCADE_BUFFERS ; OFF            ; IGNORE_CASCADE         ;
+------------------------+----------------+------------------------+
Note: In order to hide this table in the UI and the text report file, please set the "Show Parameter Settings in Synthesis Report" option in "Analysis and Synthesis Settings -> More Settings" to "Off".


+------------------------------------------------------------------+
; Parameter Settings for Inferred Entity Instance: lpm_divide:Div0 ;
+------------------------+----------------+------------------------+
; Parameter Name         ; Value          ; Type                   ;
+------------------------+----------------+------------------------+
; LPM_WIDTHN             ; 7              ; Untyped                ;
; LPM_WIDTHD             ; 4              ; Untyped                ;
; LPM_NREPRESENTATION    ; UNSIGNED       ; Untyped                ;
; LPM_DREPRESENTATION    ; UNSIGNED       ; Untyped                ;
; LPM_PIPELINE           ; 0              ; Untyped                ;
; LPM_REMAINDERPOSITIVE  ; TRUE           ; Untyped                ;
; MAXIMIZE_SPEED         ; 5              ; Untyped                ;
; CBXI_PARAMETER         ; lpm_divide_ihm ; Untyped                ;
; CARRY_CHAIN            ; MANUAL         ; Untyped                ;
; OPTIMIZE_FOR_SPEED     ; 5              ; Untyped                ;
; AUTO_CARRY_CHAINS      ; ON             ; AUTO_CARRY             ;
; IGNORE_CARRY_BUFFERS   ; OFF            ; IGNORE_CARRY           ;
; AUTO_CASCADE_CHAINS    ; ON             ; AUTO_CASCADE           ;
; IGNORE_CASCADE_BUFFERS ; OFF            ; IGNORE_CASCADE         ;
+------------------------+----------------+------------------------+
Note: In order to hide this table in the UI and the text report file, please set the "Show Parameter Settings in Synthesis Report" option in "Analysis and Synthesis Settings -> More Settings" to "Off".


+-------------------------------+
; Elapsed Time Per Partition    ;
+----------------+--------------+
; Partition Name ; Elapsed Time ;
+----------------+--------------+
; Top            ; 00:00:04     ;
+----------------+--------------+


+-------------------------------+
; Analysis & Synthesis Messages ;
+-------------------------------+
Info: *******************************************************************
Info: Running Quartus II 64-Bit Analysis & Synthesis
    Info: Version 13.0.1 Build 232 06/12/2013 Service Pack 1 SJ Web Edition
    Info: Processing started: Tue Oct 17 08:30:49 2023
Info: Command: quartus_map --read_settings_files=on --write_settings_files=off controller -c controller
Warning (20028): Parallel compilation is not licensed and has been disabled
Info (12021): Found 2 design units, including 1 entities, in source file controller.vhd
    Info (12022): Found design unit 1: controller-ctrl_arch
    Info (12023): Found entity 1: controller
Info (12127): Elaborating entity "controller" for the top level hierarchy
Warning (10541): VHDL Signal Declaration warning at controller.vhd(18): used implicit default value for signal "T" because signal was never assigned a value or an explicit default value. Use of implicit default value may introduce unintended design optimizations.
Warning (10540): VHDL Signal Declaration warning at controller.vhd(26): used explicit default value for signal "reset" because signal was never assigned a value
Warning (10540): VHDL Signal Declaration warning at controller.vhd(34): used explicit default value for signal "multiplier" because signal was never assigned a value
Warning (10540): VHDL Signal Declaration warning at controller.vhd(35): used explicit default value for signal "avg" because signal was never assigned a value
Warning (10036): Verilog HDL or VHDL warning at controller.vhd(38): object "delta_t" assigned a value but never read
Warning (10492): VHDL Process Statement warning at controller.vhd(61): signal "st" is read inside the Process Statement but isn't in the Process Statement's sensitivity list
Warning (10492): VHDL Process Statement warning at controller.vhd(64): signal "blk" is read inside the Process Statement but isn't in the Process Statement's sensitivity list
Warning (10492): VHDL Process Statement warning at controller.vhd(65): signal "slr" is read inside the Process Statement but isn't in the Process Statement's sensitivity list
Warning (10492): VHDL Process Statement warning at controller.vhd(70): signal "btn" is read inside the Process Statement but isn't in the Process Statement's sensitivity list
Warning (10492): VHDL Process Statement warning at controller.vhd(75): signal "blk" is read inside the Process Statement but isn't in the Process Statement's sensitivity list
Warning (10492): VHDL Process Statement warning at controller.vhd(76): signal "cv" is read inside the Process Statement but isn't in the Process Statement's sensitivity list
Warning (10492): VHDL Process Statement warning at controller.vhd(79): signal "slr" is read inside the Process Statement but isn't in the Process Statement's sensitivity list
Warning (10492): VHDL Process Statement warning at controller.vhd(80): signal "sat" is read inside the Process Statement but isn't in the Process Statement's sensitivity list
Warning (10492): VHDL Process Statement warning at controller.vhd(80): signal "cv" is read inside the Process Statement but isn't in the Process Statement's sensitivity list
Warning (10492): VHDL Process Statement warning at controller.vhd(81): signal "cv" is read inside the Process Statement but isn't in the Process Statement's sensitivity list
Warning (10492): VHDL Process Statement warning at controller.vhd(83): signal "slr" is read inside the Process Statement but isn't in the Process Statement's sensitivity list
Warning (10492): VHDL Process Statement warning at controller.vhd(84): signal "sat" is read inside the Process Statement but isn't in the Process Statement's sensitivity list
Warning (10492): VHDL Process Statement warning at controller.vhd(84): signal "cv" is read inside the Process Statement but isn't in the Process Statement's sensitivity list
Warning (10492): VHDL Process Statement warning at controller.vhd(85): signal "cv" is read inside the Process Statement but isn't in the Process Statement's sensitivity list
Warning (10492): VHDL Process Statement warning at controller.vhd(87): signal "slr" is read inside the Process Statement but isn't in the Process Statement's sensitivity list
Warning (10492): VHDL Process Statement warning at controller.vhd(88): signal "sat" is read inside the Process Statement but isn't in the Process Statement's sensitivity list
Warning (10492): VHDL Process Statement warning at controller.vhd(88): signal "cv" is read inside the Process Statement but isn't in the Process Statement's sensitivity list
Warning (10492): VHDL Process Statement warning at controller.vhd(89): signal "cv" is read inside the Process Statement but isn't in the Process Statement's sensitivity list
Warning (10492): VHDL Process Statement warning at controller.vhd(91): signal "slr" is read inside the Process Statement but isn't in the Process Statement's sensitivity list
Warning (10492): VHDL Process Statement warning at controller.vhd(92): signal "sat" is read inside the Process Statement but isn't in the Process Statement's sensitivity list
Warning (10492): VHDL Process Statement warning at controller.vhd(96): signal "slr" is read inside the Process Statement but isn't in the Process Statement's sensitivity list
Warning (10492): VHDL Process Statement warning at controller.vhd(97): signal "sat" is read inside the Process Statement but isn't in the Process Statement's sensitivity list
Warning (10492): VHDL Process Statement warning at controller.vhd(97): signal "cv" is read inside the Process Statement but isn't in the Process Statement's sensitivity list
Warning (10492): VHDL Process Statement warning at controller.vhd(98): signal "cv" is read inside the Process Statement but isn't in the Process Statement's sensitivity list
Warning (10492): VHDL Process Statement warning at controller.vhd(100): signal "slr" is read inside the Process Statement but isn't in the Process Statement's sensitivity list
Warning (10492): VHDL Process Statement warning at controller.vhd(101): signal "sat" is read inside the Process Statement but isn't in the Process Statement's sensitivity list
Warning (10492): VHDL Process Statement warning at controller.vhd(101): signal "cv" is read inside the Process Statement but isn't in the Process Statement's sensitivity list
Warning (10492): VHDL Process Statement warning at controller.vhd(102): signal "cv" is read inside the Process Statement but isn't in the Process Statement's sensitivity list
Warning (10492): VHDL Process Statement warning at controller.vhd(104): signal "slr" is read inside the Process Statement but isn't in the Process Statement's sensitivity list
Warning (10492): VHDL Process Statement warning at controller.vhd(105): signal "sat" is read inside the Process Statement but isn't in the Process Statement's sensitivity list
Warning (10492): VHDL Process Statement warning at controller.vhd(105): signal "cv" is read inside the Process Statement but isn't in the Process Statement's sensitivity list
Warning (10492): VHDL Process Statement warning at controller.vhd(106): signal "cv" is read inside the Process Statement but isn't in the Process Statement's sensitivity list
Warning (10492): VHDL Process Statement warning at controller.vhd(108): signal "slr" is read inside the Process Statement but isn't in the Process Statement's sensitivity list
Warning (10492): VHDL Process Statement warning at controller.vhd(111): signal "slr" is read inside the Process Statement but isn't in the Process Statement's sensitivity list
Warning (10492): VHDL Process Statement warning at controller.vhd(112): signal "sat" is read inside the Process Statement but isn't in the Process Statement's sensitivity list
Warning (10492): VHDL Process Statement warning at controller.vhd(112): signal "cv" is read inside the Process Statement but isn't in the Process Statement's sensitivity list
Warning (10492): VHDL Process Statement warning at controller.vhd(113): signal "cv" is read inside the Process Statement but isn't in the Process Statement's sensitivity list
Warning (10492): VHDL Process Statement warning at controller.vhd(115): signal "slr" is read inside the Process Statement but isn't in the Process Statement's sensitivity list
Warning (10492): VHDL Process Statement warning at controller.vhd(116): signal "sat" is read inside the Process Statement but isn't in the Process Statement's sensitivity list
Warning (10492): VHDL Process Statement warning at controller.vhd(116): signal "cv" is read inside the Process Statement but isn't in the Process Statement's sensitivity list
Warning (10492): VHDL Process Statement warning at controller.vhd(117): signal "cv" is read inside the Process Statement but isn't in the Process Statement's sensitivity list
Warning (10492): VHDL Process Statement warning at controller.vhd(119): signal "slr" is read inside the Process Statement but isn't in the Process Statement's sensitivity list
Warning (10492): VHDL Process Statement warning at controller.vhd(120): signal "sat" is read inside the Process Statement but isn't in the Process Statement's sensitivity list
Warning (10492): VHDL Process Statement warning at controller.vhd(120): signal "cv" is read inside the Process Statement but isn't in the Process Statement's sensitivity list
Warning (10492): VHDL Process Statement warning at controller.vhd(121): signal "cv" is read inside the Process Statement but isn't in the Process Statement's sensitivity list
Warning (10492): VHDL Process Statement warning at controller.vhd(123): signal "slr" is read inside the Process Statement but isn't in the Process Statement's sensitivity list
Warning (10492): VHDL Process Statement warning at controller.vhd(126): signal "slr" is read inside the Process Statement but isn't in the Process Statement's sensitivity list
Warning (10492): VHDL Process Statement warning at controller.vhd(127): signal "sat" is read inside the Process Statement but isn't in the Process Statement's sensitivity list
Warning (10492): VHDL Process Statement warning at controller.vhd(128): signal "sat" is read inside the Process Statement but isn't in the Process Statement's sensitivity list
Warning (10492): VHDL Process Statement warning at controller.vhd(131): signal "slr" is read inside the Process Statement but isn't in the Process Statement's sensitivity list
Warning (10492): VHDL Process Statement warning at controller.vhd(132): signal "sat" is read inside the Process Statement but isn't in the Process Statement's sensitivity list
Warning (10492): VHDL Process Statement warning at controller.vhd(132): signal "cv" is read inside the Process Statement but isn't in the Process Statement's sensitivity list
Warning (10492): VHDL Process Statement warning at controller.vhd(133): signal "cv" is read inside the Process Statement but isn't in the Process Statement's sensitivity list
Warning (10492): VHDL Process Statement warning at controller.vhd(135): signal "slr" is read inside the Process Statement but isn't in the Process Statement's sensitivity list
Warning (10492): VHDL Process Statement warning at controller.vhd(136): signal "sat" is read inside the Process Statement but isn't in the Process Statement's sensitivity list
Warning (10492): VHDL Process Statement warning at controller.vhd(137): signal "sat" is read inside the Process Statement but isn't in the Process Statement's sensitivity list
Warning (10492): VHDL Process Statement warning at controller.vhd(140): signal "slr" is read inside the Process Statement but isn't in the Process Statement's sensitivity list
Warning (10492): VHDL Process Statement warning at controller.vhd(144): signal "btn" is read inside the Process Statement but isn't in the Process Statement's sensitivity list
Warning (10631): VHDL Process Statement warning at controller.vhd(59): inferring latch(es) for signal or variable "ev", which holds its previous value in one or more paths through the process
Warning (10631): VHDL Process Statement warning at controller.vhd(59): inferring latch(es) for signal or variable "blk", which holds its previous value in one or more paths through the process
Warning (10631): VHDL Process Statement warning at controller.vhd(59): inferring latch(es) for signal or variable "cv", which holds its previous value in one or more paths through the process
Warning (10631): VHDL Process Statement warning at controller.vhd(59): inferring latch(es) for signal or variable "sat", which holds its previous value in one or more paths through the process
Info (10041): Inferred latch for "sat[0]" at controller.vhd(59)
Info (10041): Inferred latch for "sat[1]" at controller.vhd(59)
Info (10041): Inferred latch for "sat[2]" at controller.vhd(59)
Info (10041): Inferred latch for "sat[3]" at controller.vhd(59)
Info (10041): Inferred latch for "sat[4]" at controller.vhd(59)
Info (10041): Inferred latch for "sat[5]" at controller.vhd(59)
Info (10041): Inferred latch for "sat[6]" at controller.vhd(59)
Info (10041): Inferred latch for "sat[7]" at controller.vhd(59)
Info (10041): Inferred latch for "sat[8]" at controller.vhd(59)
Info (10041): Inferred latch for "sat[9]" at controller.vhd(59)
Info (10041): Inferred latch for "cv[0]" at controller.vhd(59)
Info (10041): Inferred latch for "cv[1]" at controller.vhd(59)
Info (10041): Inferred latch for "cv[2]" at controller.vhd(59)
Info (10041): Inferred latch for "cv[3]" at controller.vhd(59)
Info (10041): Inferred latch for "cv[4]" at controller.vhd(59)
Info (10041): Inferred latch for "cv[5]" at controller.vhd(59)
Info (10041): Inferred latch for "cv[6]" at controller.vhd(59)
Info (10041): Inferred latch for "blk" at controller.vhd(59)
Info (10041): Inferred latch for "ev.S15" at controller.vhd(59)
Info (10041): Inferred latch for "ev.S14" at controller.vhd(59)
Info (10041): Inferred latch for "ev.S13" at controller.vhd(59)
Info (10041): Inferred latch for "ev.S12" at controller.vhd(59)
Info (10041): Inferred latch for "ev.S11" at controller.vhd(59)
Info (10041): Inferred latch for "ev.S10" at controller.vhd(59)
Info (10041): Inferred latch for "ev.S9" at controller.vhd(59)
Info (10041): Inferred latch for "ev.S8" at controller.vhd(59)
Info (10041): Inferred latch for "ev.S7" at controller.vhd(59)
Info (10041): Inferred latch for "ev.S6" at controller.vhd(59)
Info (10041): Inferred latch for "ev.S5" at controller.vhd(59)
Info (10041): Inferred latch for "ev.S4" at controller.vhd(59)
Info (10041): Inferred latch for "ev.S3" at controller.vhd(59)
Info (10041): Inferred latch for "ev.S2" at controller.vhd(59)
Info (10041): Inferred latch for "ev.S1" at controller.vhd(59)
Info (10041): Inferred latch for "ev.S0" at controller.vhd(59)
Info (278001): Inferred 2 megafunctions from design logic
    Info (278004): Inferred divider/modulo megafunction ("lpm_divide") from the following logic: "Div1"
    Info (278004): Inferred divider/modulo megafunction ("lpm_divide") from the following logic: "Div0"
Info (12130): Elaborated megafunction instantiation "lpm_divide:Div1"
Info (12133): Instantiated megafunction "lpm_divide:Div1" with the following parameter:
    Info (12134): Parameter "LPM_WIDTHN" = "16"
    Info (12134): Parameter "LPM_WIDTHD" = "3"
    Info (12134): Parameter "LPM_NREPRESENTATION" = "UNSIGNED"
    Info (12134): Parameter "LPM_DREPRESENTATION" = "UNSIGNED"
Info (12021): Found 1 design units, including 1 entities, in source file db/lpm_divide_1jm.tdf
    Info (12023): Found entity 1: lpm_divide_1jm
Info (12021): Found 1 design units, including 1 entities, in source file db/sign_div_unsign_plh.tdf
    Info (12023): Found entity 1: sign_div_unsign_plh
Info (12021): Found 1 design units, including 1 entities, in source file db/alt_u_div_67f.tdf
    Info (12023): Found entity 1: alt_u_div_67f
Info (12021): Found 1 design units, including 1 entities, in source file db/add_sub_7pc.tdf
    Info (12023): Found entity 1: add_sub_7pc
Info (12021): Found 1 design units, including 1 entities, in source file db/add_sub_8pc.tdf
    Info (12023): Found entity 1: add_sub_8pc
Info (12130): Elaborated megafunction instantiation "lpm_divide:Div0"
Info (12133): Instantiated megafunction "lpm_divide:Div0" with the following parameter:
    Info (12134): Parameter "LPM_WIDTHN" = "7"
    Info (12134): Parameter "LPM_WIDTHD" = "4"
    Info (12134): Parameter "LPM_NREPRESENTATION" = "UNSIGNED"
    Info (12134): Parameter "LPM_DREPRESENTATION" = "UNSIGNED"
Info (12021): Found 1 design units, including 1 entities, in source file db/lpm_divide_ihm.tdf
    Info (12023): Found entity 1: lpm_divide_ihm
Info (12021): Found 1 design units, including 1 entities, in source file db/sign_div_unsign_akh.tdf
    Info (12023): Found entity 1: sign_div_unsign_akh
Info (12021): Found 1 design units, including 1 entities, in source file db/alt_u_div_84f.tdf
    Info (12023): Found entity 1: alt_u_div_84f
Info (13025): Duplicate LATCH primitives merged into single LATCH primitive
    Info (13026): Duplicate LATCH primitive "cv[6]" merged with LATCH primitive "cv[5]"
Warning (13012): Latch sat[0] has unsafe behavior
    Warning (13013): Ports D and ENA on the latch are fed by the same signal sat[0]
Warning (13012): Latch sat[1] has unsafe behavior
    Warning (13013): Ports D and ENA on the latch are fed by the same signal CR[0]
Warning (13012): Latch sat[2] has unsafe behavior
    Warning (13013): Ports D and ENA on the latch are fed by the same signal CR[0]
Warning (13012): Latch sat[3] has unsafe behavior
    Warning (13013): Ports D and ENA on the latch are fed by the same signal CR[0]
Warning (13012): Latch sat[4] has unsafe behavior
    Warning (13013): Ports D and ENA on the latch are fed by the same signal CR[0]
Warning (13012): Latch sat[5] has unsafe behavior
    Warning (13013): Ports D and ENA on the latch are fed by the same signal CR[0]
Warning (13012): Latch sat[6] has unsafe behavior
    Warning (13013): Ports D and ENA on the latch are fed by the same signal CR[0]
Warning (13012): Latch sat[7] has unsafe behavior
    Warning (13013): Ports D and ENA on the latch are fed by the same signal CR[0]
Warning (13012): Latch sat[8] has unsafe behavior
    Warning (13013): Ports D and ENA on the latch are fed by the same signal CR[0]
Warning (13012): Latch sat[9] has unsafe behavior
    Warning (13013): Ports D and ENA on the latch are fed by the same signal CR[0]
Warning (13012): Latch ev.S1_2295 has unsafe behavior
    Warning (13013): Ports D and ENA on the latch are fed by the same signal st.S1
Warning (13012): Latch blk has unsafe behavior
    Warning (13013): Ports D and ENA on the latch are fed by the same signal btn
Warning (13012): Latch cv[1] has unsafe behavior
    Warning (13013): Ports D and ENA on the latch are fed by the same signal LR[0]
Warning (13012): Latch cv[2] has unsafe behavior
    Warning (13013): Ports D and ENA on the latch are fed by the same signal LR[0]
Warning (13012): Latch cv[3] has unsafe behavior
    Warning (13013): Ports D and ENA on the latch are fed by the same signal LR[0]
Warning (13012): Latch cv[5] has unsafe behavior
    Warning (13013): Ports D and ENA on the latch are fed by the same signal LR[0]
Warning (13012): Latch ev.S0_2315 has unsafe behavior
    Warning (13013): Ports D and ENA on the latch are fed by the same signal st.S1
Warning (13024): Output pins are stuck at VCC or GND
    Warning (13410): Pin "DC[1]" is stuck at GND
    Warning (13410): Pin "DC[2]" is stuck at GND
    Warning (13410): Pin "DC[3]" is stuck at GND
    Warning (13410): Pin "MC[0]" is stuck at GND
    Warning (13410): Pin "MC[1]" is stuck at GND
    Warning (13410): Pin "MC[2]" is stuck at GND
    Warning (13410): Pin "MC[3]" is stuck at GND
    Warning (13410): Pin "MC[4]" is stuck at GND
    Warning (13410): Pin "MC[5]" is stuck at GND
    Warning (13410): Pin "MC[6]" is stuck at GND
    Warning (13410): Pin "MC[7]" is stuck at GND
    Warning (13410): Pin "MC[8]" is stuck at GND
    Warning (13410): Pin "MC[9]" is stuck at GND
    Warning (13410): Pin "T[0]" is stuck at GND
    Warning (13410): Pin "T[1]" is stuck at GND
    Warning (13410): Pin "T[2]" is stuck at GND
    Warning (13410): Pin "T[3]" is stuck at GND
    Warning (13410): Pin "T[4]" is stuck at GND
    Warning (13410): Pin "T[5]" is stuck at GND
    Warning (13410): Pin "T[6]" is stuck at GND
    Warning (13410): Pin "T[7]" is stuck at GND
    Warning (13410): Pin "T[8]" is stuck at GND
    Warning (13410): Pin "T[9]" is stuck at GND
    Warning (13410): Pin "T[10]" is stuck at GND
    Warning (13410): Pin "T[11]" is stuck at GND
    Warning (13410): Pin "T[12]" is stuck at GND
    Warning (13410): Pin "T[13]" is stuck at GND
    Warning (13410): Pin "T[14]" is stuck at GND
    Warning (13410): Pin "T[15]" is stuck at GND
    Warning (13410): Pin "M[0]" is stuck at GND
    Warning (13410): Pin "M[1]" is stuck at GND
    Warning (13410): Pin "M[2]" is stuck at GND
    Warning (13410): Pin "M[3]" is stuck at GND
    Warning (13410): Pin "M[4]" is stuck at GND
    Warning (13410): Pin "M[5]" is stuck at GND
    Warning (13410): Pin "M[6]" is stuck at GND
    Warning (13410): Pin "M[7]" is stuck at GND
    Warning (13410): Pin "M[8]" is stuck at GND
    Warning (13410): Pin "M[9]" is stuck at GND
Info (286030): Timing-Driven Synthesis is running
Info (17049): 14 registers lost all their fanouts during netlist optimizations.
Info (17016): Found the following redundant logic cells in design
    Info (17048): Logic cell "Add12~10"
    Info (17048): Logic cell "Add12~12"
Info (16010): Generating hard_block partition "hard_block:auto_generated_inst"
    Info (16011): Adding 0 node(s), including 0 DDIO, 0 PLL, 0 transceiver and 0 LCELL
Info (21057): Implemented 727 device resources after synthesis - the final resource count might be different
    Info (21058): Implemented 21 input pins
    Info (21059): Implemented 62 output pins
    Info (21061): Implemented 644 logic cells
Info: Quartus II 64-Bit Analysis & Synthesis was successful. 0 errors, 142 warnings
    Info: Peak virtual memory: 4649 megabytes
    Info: Processing ended: Tue Oct 17 08:30:58 2023
    Info: Elapsed time: 00:00:09
    Info: Total CPU time (on all processors): 00:00:03


