Analysis & Synthesis report for controller
Sun Nov 26 17:56:52 2023
Quartus Prime Version 22.1std.2 Build 922 07/20/2023 SC Lite Edition


---------------------
; Table of Contents ;
---------------------
  1. Legal Notice
  2. Analysis & Synthesis Summary
  3. Analysis & Synthesis Settings
  4. Parallel Compilation
  5. Analysis & Synthesis Source Files Read
  6. Analysis & Synthesis Resource Usage Summary
  7. Analysis & Synthesis Resource Utilization by Entity
  8. State Machine - |controller|as
  9. User-Specified and Inferred Latches
 10. Registers Removed During Synthesis
 11. General Register Statistics
 12. Multiplexer Restructuring Statistics (Restructuring Performed)
 13. Post-Synthesis Netlist Statistics for Top Partition
 14. Elapsed Time Per Partition
 15. Analysis & Synthesis Messages



----------------
; Legal Notice ;
----------------
Copyright (C) 2023  Intel Corporation. All rights reserved.
Your use of Intel Corporation's design tools, logic functions 
and other software and tools, and any partner logic 
functions, and any output files from any of the foregoing 
(including device programming or simulation files), and any 
associated documentation or information are expressly subject 
to the terms and conditions of the Intel Program License 
Subscription Agreement, the Intel Quartus Prime License Agreement,
the Intel FPGA IP License Agreement, or other applicable license
agreement, including, without limitation, that your use is for
the sole purpose of programming logic devices manufactured by
Intel and sold by Intel or its authorized distributors.  Please
refer to the applicable agreement for further details, at
https://fpgasoftware.intel.com/eula.



+-------------------------------------------------------------------------------------+
; Analysis & Synthesis Summary                                                        ;
+------------------------------------+------------------------------------------------+
; Analysis & Synthesis Status        ; Successful - Sun Nov 26 17:56:52 2023          ;
; Quartus Prime Version              ; 22.1std.2 Build 922 07/20/2023 SC Lite Edition ;
; Revision Name                      ; controller                                     ;
; Top-level Entity Name              ; controller                                     ;
; Family                             ; Cyclone IV E                                   ;
; Total logic elements               ; 330                                            ;
;     Total combinational functions  ; 323                                            ;
;     Dedicated logic registers      ; 69                                             ;
; Total registers                    ; 69                                             ;
; Total pins                         ; 42                                             ;
; Total virtual pins                 ; 0                                              ;
; Total memory bits                  ; 0                                              ;
; Embedded Multiplier 9-bit elements ; 0                                              ;
; Total PLLs                         ; 0                                              ;
+------------------------------------+------------------------------------------------+


+------------------------------------------------------------------------------------------------------------+
; Analysis & Synthesis Settings                                                                              ;
+------------------------------------------------------------------+--------------------+--------------------+
; Option                                                           ; Setting            ; Default Value      ;
+------------------------------------------------------------------+--------------------+--------------------+
; Top-level entity name                                            ; controller         ; controller         ;
; Family name                                                      ; Cyclone IV E       ; Cyclone V          ;
; Use smart compilation                                            ; Off                ; Off                ;
; Enable parallel Assembler and Timing Analyzer during compilation ; On                 ; On                 ;
; Enable compact report table                                      ; Off                ; Off                ;
; Restructure Multiplexers                                         ; Auto               ; Auto               ;
; Create Debugging Nodes for IP Cores                              ; Off                ; Off                ;
; Preserve fewer node names                                        ; On                 ; On                 ;
; Intel FPGA IP Evaluation Mode                                    ; Enable             ; Enable             ;
; Verilog Version                                                  ; Verilog_2001       ; Verilog_2001       ;
; VHDL Version                                                     ; VHDL_1993          ; VHDL_1993          ;
; State Machine Processing                                         ; Auto               ; Auto               ;
; Safe State Machine                                               ; Off                ; Off                ;
; Extract Verilog State Machines                                   ; On                 ; On                 ;
; Extract VHDL State Machines                                      ; On                 ; On                 ;
; Ignore Verilog initial constructs                                ; Off                ; Off                ;
; Iteration limit for constant Verilog loops                       ; 5000               ; 5000               ;
; Iteration limit for non-constant Verilog loops                   ; 250                ; 250                ;
; Add Pass-Through Logic to Inferred RAMs                          ; On                 ; On                 ;
; Infer RAMs from Raw Logic                                        ; On                 ; On                 ;
; Parallel Synthesis                                               ; On                 ; On                 ;
; DSP Block Balancing                                              ; Auto               ; Auto               ;
; NOT Gate Push-Back                                               ; On                 ; On                 ;
; Power-Up Don't Care                                              ; On                 ; On                 ;
; Remove Redundant Logic Cells                                     ; Off                ; Off                ;
; Remove Duplicate Registers                                       ; On                 ; On                 ;
; Ignore CARRY Buffers                                             ; Off                ; Off                ;
; Ignore CASCADE Buffers                                           ; Off                ; Off                ;
; Ignore GLOBAL Buffers                                            ; Off                ; Off                ;
; Ignore ROW GLOBAL Buffers                                        ; Off                ; Off                ;
; Ignore LCELL Buffers                                             ; Off                ; Off                ;
; Ignore SOFT Buffers                                              ; On                 ; On                 ;
; Limit AHDL Integers to 32 Bits                                   ; Off                ; Off                ;
; Optimization Technique                                           ; Balanced           ; Balanced           ;
; Carry Chain Length                                               ; 70                 ; 70                 ;
; Auto Carry Chains                                                ; On                 ; On                 ;
; Auto Open-Drain Pins                                             ; On                 ; On                 ;
; Perform WYSIWYG Primitive Resynthesis                            ; Off                ; Off                ;
; Auto ROM Replacement                                             ; On                 ; On                 ;
; Auto RAM Replacement                                             ; On                 ; On                 ;
; Auto DSP Block Replacement                                       ; On                 ; On                 ;
; Auto Shift Register Replacement                                  ; Auto               ; Auto               ;
; Allow Shift Register Merging across Hierarchies                  ; Auto               ; Auto               ;
; Auto Clock Enable Replacement                                    ; On                 ; On                 ;
; Strict RAM Replacement                                           ; Off                ; Off                ;
; Allow Synchronous Control Signals                                ; On                 ; On                 ;
; Force Use of Synchronous Clear Signals                           ; Off                ; Off                ;
; Auto RAM Block Balancing                                         ; On                 ; On                 ;
; Auto RAM to Logic Cell Conversion                                ; Off                ; Off                ;
; Auto Resource Sharing                                            ; Off                ; Off                ;
; Allow Any RAM Size For Recognition                               ; Off                ; Off                ;
; Allow Any ROM Size For Recognition                               ; Off                ; Off                ;
; Allow Any Shift Register Size For Recognition                    ; Off                ; Off                ;
; Use LogicLock Constraints during Resource Balancing              ; On                 ; On                 ;
; Ignore translate_off and synthesis_off directives                ; Off                ; Off                ;
; Timing-Driven Synthesis                                          ; On                 ; On                 ;
; Report Parameter Settings                                        ; On                 ; On                 ;
; Report Source Assignments                                        ; On                 ; On                 ;
; Report Connectivity Checks                                       ; On                 ; On                 ;
; Ignore Maximum Fan-Out Assignments                               ; Off                ; Off                ;
; Synchronization Register Chain Length                            ; 2                  ; 2                  ;
; Power Optimization During Synthesis                              ; Normal compilation ; Normal compilation ;
; HDL message level                                                ; Level2             ; Level2             ;
; Suppress Register Optimization Related Messages                  ; Off                ; Off                ;
; Number of Removed Registers Reported in Synthesis Report         ; 5000               ; 5000               ;
; Number of Swept Nodes Reported in Synthesis Report               ; 5000               ; 5000               ;
; Number of Inverted Registers Reported in Synthesis Report        ; 100                ; 100                ;
; Clock MUX Protection                                             ; On                 ; On                 ;
; Auto Gated Clock Conversion                                      ; Off                ; Off                ;
; Block Design Naming                                              ; Auto               ; Auto               ;
; SDC constraint protection                                        ; Off                ; Off                ;
; Synthesis Effort                                                 ; Auto               ; Auto               ;
; Shift Register Replacement - Allow Asynchronous Clear Signal     ; On                 ; On                 ;
; Pre-Mapping Resynthesis Optimization                             ; Off                ; Off                ;
; Analysis & Synthesis Message Level                               ; Medium             ; Medium             ;
; Disable Register Merging Across Hierarchies                      ; Auto               ; Auto               ;
; Resource Aware Inference For Block RAM                           ; On                 ; On                 ;
+------------------------------------------------------------------+--------------------+--------------------+


+------------------------------------------+
; Parallel Compilation                     ;
+----------------------------+-------------+
; Processors                 ; Number      ;
+----------------------------+-------------+
; Number detected on machine ; 8           ;
; Maximum allowed            ; 4           ;
;                            ;             ;
; Average used               ; 1.00        ;
; Maximum used               ; 4           ;
;                            ;             ;
; Usage by Processor         ; % Time Used ;
;     Processor 1            ; 100.0%      ;
;     Processor 2            ;   0.0%      ;
;     Processors 3-4         ;   0.0%      ;
+----------------------------+-------------+


+--------------------------------------------------------------------------------------------------------------------------------------+
; Analysis & Synthesis Source Files Read                                                                                               ;
+----------------------------------+-----------------+-----------------+-----------------------------------------------------+---------+
; File Name with User-Entered Path ; Used in Netlist ; File Type       ; File Name with Absolute Path                        ; Library ;
+----------------------------------+-----------------+-----------------+-----------------------------------------------------+---------+
; controller.vhd                   ; yes             ; User VHDL File  ; E:/intelFPGA_lite/22.1std/Controller/controller.vhd ;         ;
+----------------------------------+-----------------+-----------------+-----------------------------------------------------+---------+


+---------------------------------------------------------+
; Analysis & Synthesis Resource Usage Summary             ;
+---------------------------------------------+-----------+
; Resource                                    ; Usage     ;
+---------------------------------------------+-----------+
; Estimated Total logic elements              ; 330       ;
;                                             ;           ;
; Total combinational functions               ; 323       ;
; Logic element usage by number of LUT inputs ;           ;
;     -- 4 input functions                    ; 103       ;
;     -- 3 input functions                    ; 58        ;
;     -- <=2 input functions                  ; 162       ;
;                                             ;           ;
; Logic elements by mode                      ;           ;
;     -- normal mode                          ; 185       ;
;     -- arithmetic mode                      ; 138       ;
;                                             ;           ;
; Total registers                             ; 69        ;
;     -- Dedicated logic registers            ; 69        ;
;     -- I/O registers                        ; 0         ;
;                                             ;           ;
; I/O pins                                    ; 42        ;
;                                             ;           ;
; Embedded Multiplier 9-bit elements          ; 0         ;
;                                             ;           ;
; Maximum fan-out node                        ; clk~input ;
; Maximum fan-out                             ; 36        ;
; Total fan-out                               ; 1232      ;
; Average fan-out                             ; 2.59      ;
+---------------------------------------------+-----------+


+----------------------------------------------------------------------------------------------------------------------------------------------------------------------------------------------------------+
; Analysis & Synthesis Resource Utilization by Entity                                                                                                                                                      ;
+----------------------------+---------------------+---------------------------+-------------+--------------+---------+-----------+------+--------------+---------------------+-------------+--------------+
; Compilation Hierarchy Node ; Combinational ALUTs ; Dedicated Logic Registers ; Memory Bits ; DSP Elements ; DSP 9x9 ; DSP 18x18 ; Pins ; Virtual Pins ; Full Hierarchy Name ; Entity Name ; Library Name ;
+----------------------------+---------------------+---------------------------+-------------+--------------+---------+-----------+------+--------------+---------------------+-------------+--------------+
; |controller                ; 323 (323)           ; 69 (69)                   ; 0           ; 0            ; 0       ; 0         ; 42   ; 0            ; |controller         ; controller  ; work         ;
+----------------------------+---------------------+---------------------------+-------------+--------------+---------+-----------+------+--------------+---------------------+-------------+--------------+
Note: For table entries with two numbers listed, the numbers in parentheses indicate the number of resources of the given type used by the specific entity alone. The numbers listed outside of parentheses indicate the total resources of the given type used by the specific entity and all of its sub-entities in the hierarchy.


Encoding Type:  One-Hot
+-----------------------------------------------------------------------+
; State Machine - |controller|as                                        ;
+-------+-------+-------+-------+-------+-------+-------+-------+-------+
; Name  ; as.S7 ; as.S6 ; as.S5 ; as.S4 ; as.S3 ; as.S2 ; as.S1 ; as.S0 ;
+-------+-------+-------+-------+-------+-------+-------+-------+-------+
; as.S0 ; 0     ; 0     ; 0     ; 0     ; 0     ; 0     ; 0     ; 0     ;
; as.S1 ; 0     ; 0     ; 0     ; 0     ; 0     ; 0     ; 1     ; 1     ;
; as.S2 ; 0     ; 0     ; 0     ; 0     ; 0     ; 1     ; 0     ; 1     ;
; as.S3 ; 0     ; 0     ; 0     ; 0     ; 1     ; 0     ; 0     ; 1     ;
; as.S4 ; 0     ; 0     ; 0     ; 1     ; 0     ; 0     ; 0     ; 1     ;
; as.S5 ; 0     ; 0     ; 1     ; 0     ; 0     ; 0     ; 0     ; 1     ;
; as.S6 ; 0     ; 1     ; 0     ; 0     ; 0     ; 0     ; 0     ; 1     ;
; as.S7 ; 1     ; 0     ; 0     ; 0     ; 0     ; 0     ; 0     ; 1     ;
+-------+-------+-------+-------+-------+-------+-------+-------+-------+


+---------------------------------------------------------------------------------------------------+
; User-Specified and Inferred Latches                                                               ;
+----------------------------------------------------+---------------------+------------------------+
; Latch Name                                         ; Latch Enable Signal ; Free of Timing Hazards ;
+----------------------------------------------------+---------------------+------------------------+
; trg$latch                                          ; as.S5               ; yes                    ;
; Number of user-specified and inferred latches = 1  ;                     ;                        ;
+----------------------------------------------------+---------------------+------------------------+
Note: All latches listed above may not be present at the end of synthesis due to various synthesis optimizations.


+--------------------------------------------------------------------------------+
; Registers Removed During Synthesis                                             ;
+---------------------------------------+----------------------------------------+
; Register name                         ; Reason for Removal                     ;
+---------------------------------------+----------------------------------------+
; as.S7                                 ; Stuck at GND due to stuck port data_in ;
; Total Number of Removed Registers = 1 ;                                        ;
+---------------------------------------+----------------------------------------+


+------------------------------------------------------+
; General Register Statistics                          ;
+----------------------------------------------+-------+
; Statistic                                    ; Value ;
+----------------------------------------------+-------+
; Total registers                              ; 69    ;
; Number of registers using Synchronous Clear  ; 16    ;
; Number of registers using Synchronous Load   ; 20    ;
; Number of registers using Asynchronous Clear ; 7     ;
; Number of registers using Asynchronous Load  ; 0     ;
; Number of registers using Clock Enable       ; 59    ;
; Number of registers using Preset             ; 0     ;
+----------------------------------------------+-------+


+------------------------------------------------------------------------------------------------------------------------------------------+
; Multiplexer Restructuring Statistics (Restructuring Performed)                                                                           ;
+--------------------+-----------+---------------+----------------------+------------------------+------------+----------------------------+
; Multiplexer Inputs ; Bus Width ; Baseline Area ; Area if Restructured ; Saving if Restructured ; Registered ; Example Multiplexer Output ;
+--------------------+-----------+---------------+----------------------+------------------------+------------+----------------------------+
; 4:1                ; 2 bits    ; 4 LEs         ; 4 LEs                ; 0 LEs                  ; Yes        ; |controller|avg~reg0       ;
; 13:1               ; 8 bits    ; 64 LEs        ; 32 LEs               ; 32 LEs                 ; Yes        ; |controller|at[2]~reg0     ;
; 13:1               ; 8 bits    ; 64 LEs        ; 32 LEs               ; 32 LEs                 ; Yes        ; |controller|mc[2]~reg0     ;
+--------------------+-----------+---------------+----------------------+------------------------+------------+----------------------------+


+-----------------------------------------------------+
; Post-Synthesis Netlist Statistics for Top Partition ;
+-----------------------+-----------------------------+
; Type                  ; Count                       ;
+-----------------------+-----------------------------+
; boundary_port         ; 42                          ;
; cycloneiii_ff         ; 69                          ;
;     CLR               ; 7                           ;
;     ENA               ; 39                          ;
;     ENA SCLR SLD      ; 16                          ;
;     ENA SLD           ; 4                           ;
;     plain             ; 3                           ;
; cycloneiii_lcell_comb ; 326                         ;
;     arith             ; 138                         ;
;         2 data inputs ; 128                         ;
;         3 data inputs ; 10                          ;
;     normal            ; 188                         ;
;         1 data inputs ; 19                          ;
;         2 data inputs ; 18                          ;
;         3 data inputs ; 48                          ;
;         4 data inputs ; 103                         ;
;                       ;                             ;
; Max LUT depth         ; 7.30                        ;
; Average LUT depth     ; 4.17                        ;
+-----------------------+-----------------------------+


+-------------------------------+
; Elapsed Time Per Partition    ;
+----------------+--------------+
; Partition Name ; Elapsed Time ;
+----------------+--------------+
; Top            ; 00:00:00     ;
+----------------+--------------+


+-------------------------------+
; Analysis & Synthesis Messages ;
+-------------------------------+
Info: *******************************************************************
Info: Running Quartus Prime Analysis & Synthesis
    Info: Version 22.1std.2 Build 922 07/20/2023 SC Lite Edition
    Info: Processing started: Sun Nov 26 17:56:42 2023
Info: Command: quartus_map --read_settings_files=on --write_settings_files=off controller -c controller
Warning (18236): Number of processors has not been specified which may cause overloading on shared machines.  Set the global assignment NUM_PARALLEL_PROCESSORS in your QSF to an appropriate value for best performance.
Info (20030): Parallel compilation is enabled and will use 4 of the 4 processors detected
Info (12021): Found 2 design units, including 1 entities, in source file controller.vhd
    Info (12022): Found design unit 1: controller-ctrl_arch File: E:/intelFPGA_lite/22.1std/Controller/controller.vhd Line: 15
    Info (12023): Found entity 1: controller File: E:/intelFPGA_lite/22.1std/Controller/controller.vhd Line: 5
Info (12127): Elaborating entity "controller" for the top level hierarchy
Warning (10492): VHDL Process Statement warning at controller.vhd(23): signal "b0" is read inside the Process Statement but isn't in the Process Statement's sensitivity list File: E:/intelFPGA_lite/22.1std/Controller/controller.vhd Line: 23
Warning (10492): VHDL Process Statement warning at controller.vhd(23): signal "b1" is read inside the Process Statement but isn't in the Process Statement's sensitivity list File: E:/intelFPGA_lite/22.1std/Controller/controller.vhd Line: 23
Warning (10492): VHDL Process Statement warning at controller.vhd(23): signal "b2" is read inside the Process Statement but isn't in the Process Statement's sensitivity list File: E:/intelFPGA_lite/22.1std/Controller/controller.vhd Line: 23
Warning (10492): VHDL Process Statement warning at controller.vhd(51): signal "bx" is read inside the Process Statement but isn't in the Process Statement's sensitivity list File: E:/intelFPGA_lite/22.1std/Controller/controller.vhd Line: 51
Warning (10492): VHDL Process Statement warning at controller.vhd(111): signal "bx" is read inside the Process Statement but isn't in the Process Statement's sensitivity list File: E:/intelFPGA_lite/22.1std/Controller/controller.vhd Line: 111
Warning (10492): VHDL Process Statement warning at controller.vhd(171): signal "bx" is read inside the Process Statement but isn't in the Process Statement's sensitivity list File: E:/intelFPGA_lite/22.1std/Controller/controller.vhd Line: 171
Warning (10492): VHDL Process Statement warning at controller.vhd(193): signal "t" is read inside the Process Statement but isn't in the Process Statement's sensitivity list File: E:/intelFPGA_lite/22.1std/Controller/controller.vhd Line: 193
Warning (10492): VHDL Process Statement warning at controller.vhd(193): signal "at" is read inside the Process Statement but isn't in the Process Statement's sensitivity list File: E:/intelFPGA_lite/22.1std/Controller/controller.vhd Line: 193
Warning (10492): VHDL Process Statement warning at controller.vhd(199): signal "bx" is read inside the Process Statement but isn't in the Process Statement's sensitivity list File: E:/intelFPGA_lite/22.1std/Controller/controller.vhd Line: 199
Warning (10631): VHDL Process Statement warning at controller.vhd(43): inferring latch(es) for signal or variable "trg", which holds its previous value in one or more paths through the process File: E:/intelFPGA_lite/22.1std/Controller/controller.vhd Line: 43
Info (10041): Inferred latch for "trg" at controller.vhd(43) File: E:/intelFPGA_lite/22.1std/Controller/controller.vhd Line: 43
Info (286030): Timing-Driven Synthesis is running
Info (16010): Generating hard_block partition "hard_block:auto_generated_inst"
    Info (16011): Adding 0 node(s), including 0 DDIO, 0 PLL, 0 transceiver and 0 LCELL
Info (21057): Implemented 398 device resources after synthesis - the final resource count might be different
    Info (21058): Implemented 6 input pins
    Info (21059): Implemented 36 output pins
    Info (21061): Implemented 356 logic cells
Info: Quartus Prime Analysis & Synthesis was successful. 0 errors, 11 warnings
    Info: Peak virtual memory: 4847 megabytes
    Info: Processing ended: Sun Nov 26 17:56:52 2023
    Info: Elapsed time: 00:00:10
    Info: Total CPU time (on all processors): 00:00:11


